{"/Users/kevinkroon/Documents/projects/pcbcreator/src/App.tsx": {"path":"/Users/kevinkroon/Documents/projects/pcbcreator/src/App.tsx","statementMap":{"0":{"start":{"line":1,"column":0},"end":{"line":1,"column":44}},"1":{"start":{"line":2,"column":0},"end":{"line":2,"column":44}},"2":{"start":{"line":3,"column":0},"end":{"line":3,"column":40}},"3":{"start":{"line":4,"column":0},"end":{"line":4,"column":57}},"4":{"start":{"line":5,"column":0},"end":{"line":5,"column":53}},"5":{"start":{"line":6,"column":0},"end":{"line":6,"column":51}},"6":{"start":{"line":7,"column":0},"end":{"line":7,"column":68}},"7":{"start":{"line":8,"column":0},"end":{"line":8,"column":61}},"8":{"start":{"line":9,"column":0},"end":{"line":9,"column":48}},"9":{"start":{"line":12,"column":18},"end":{"line":55,"column":null}},"10":{"start":{"line":13,"column":2},"end":{"line":55,"column":null}},"11":{"start":{"line":59,"column":2},"end":{"line":59,"column":21}},"12":{"start":{"line":60,"column":18},"end":{"line":60,"column":29}},"13":{"start":{"line":62,"column":14},"end":{"line":62,"column":47}},"14":{"start":{"line":65,"column":4},"end":{"line":65,"column":29}},"15":{"start":{"line":66,"column":4},"end":{"line":77,"column":null}},"16":{"start":{"line":67,"column":6},"end":{"line":76,"column":null}},"17":{"start":{"line":69,"column":10},"end":{"line":69,"column":59}},"18":{"start":{"line":70,"column":10},"end":{"line":70,"column":16}},"19":{"start":{"line":73,"column":10},"end":{"line":73,"column":56}},"20":{"start":{"line":74,"column":10},"end":{"line":74,"column":16}},"21":{"start":{"line":80,"column":2},"end":{"line":86,"column":9}},"22":{"start":{"line":81,"column":21},"end":{"line":81,"column":49}},"23":{"start":{"line":81,"column":44},"end":{"line":81,"column":67}},"24":{"start":{"line":82,"column":4},"end":{"line":82,"column":55}},"25":{"start":{"line":83,"column":4},"end":{"line":85,"column":6}},"26":{"start":{"line":84,"column":6},"end":{"line":84,"column":60}},"27":{"start":{"line":87,"column":2},"end":{"line":110,"column":4}},"28":{"start":{"line":113,"column":0},"end":{"line":113,"column":19}}},"fnMap":{"0":{"name":"(anonymous_3)","decl":{"start":{"line":12,"column":29},"end":{"line":12,"column":30}},"loc":{"start":{"line":12,"column":35},"end":{"line":13,"column":14}}},"1":{"name":"App","decl":{"start":{"line":58,"column":9},"end":{"line":58,"column":12}},"loc":{"start":{"line":58,"column":12},"end":{"line":111,"column":1}}},"2":{"name":"rotateBox","decl":{"start":{"line":64,"column":11},"end":{"line":64,"column":20}},"loc":{"start":{"line":64,"column":31},"end":{"line":78,"column":3}}},"3":{"name":"(anonymous_6)","decl":{"start":{"line":80,"column":18},"end":{"line":80,"column":null}},"loc":{"start":{"line":80,"column":18},"end":{"line":86,"column":3}}},"4":{"name":"(anonymous_7)","decl":{"start":{"line":81,"column":21},"end":{"line":81,"column":22}},"loc":{"start":{"line":81,"column":39},"end":{"line":81,"column":49}}},"5":{"name":"(anonymous_8)","decl":{"start":{"line":83,"column":11},"end":{"line":83,"column":null}},"loc":{"start":{"line":83,"column":11},"end":{"line":85,"column":5}}}},"branchMap":{"0":{"loc":{"start":{"line":66,"column":4},"end":{"line":77,"column":null}},"type":"if","locations":[{"start":{"line":66,"column":4},"end":{"line":77,"column":null}},{"start":{"line":66,"column":4},"end":{"line":77,"column":null}}]},"1":{"loc":{"start":{"line":68,"column":8},"end":{"line":71,"column":null}},"type":"switch","locations":[{"start":{"line":68,"column":8},"end":{"line":71,"column":null}},{"start":{"line":72,"column":8},"end":{"line":75,"column":null}}]}},"s":{"0":0,"1":0,"2":0,"3":0,"4":0,"5":0,"6":0,"7":0,"8":0,"9":0,"10":0,"11":0,"12":0,"13":0,"14":0,"15":0,"16":0,"17":0,"18":0,"19":0,"20":0,"21":0,"22":0,"23":0,"24":0,"25":0,"26":0,"27":0,"28":0},"f":{"0":0,"1":0,"2":0,"3":0,"4":0,"5":0},"b":{"0":[0,0],"1":[0,0]}}
,"/Users/kevinkroon/Documents/projects/pcbcreator/src/AppStyles.ts": {"path":"/Users/kevinkroon/Documents/projects/pcbcreator/src/AppStyles.ts","statementMap":{"0":{"start":{"line":1,"column":0},"end":{"line":1,"column":68}},"1":{"start":{"line":3,"column":20},"end":{"line":3,"column":23}},"2":{"start":{"line":5,"column":18},"end":{"line":118,"column":null}},"3":{"start":{"line":6,"column":2},"end":{"line":118,"column":null}},"4":{"start":{"line":121,"column":0},"end":{"line":121,"column":25}}},"fnMap":{"0":{"name":"(anonymous_2)","decl":{"start":{"line":5,"column":29},"end":{"line":5,"column":30}},"loc":{"start":{"line":5,"column":35},"end":{"line":6,"column":14}}}},"branchMap":{},"s":{"0":0,"1":0,"2":0,"3":0,"4":0},"f":{"0":0},"b":{}}
,"/Users/kevinkroon/Documents/projects/pcbcreator/src/sum.ts": {"path":"/Users/kevinkroon/Documents/projects/pcbcreator/src/sum.ts","statementMap":{"0":{"start":{"line":2,"column":2},"end":{"line":2,"column":null}},"1":{"start":{"line":1,"column":0},"end":{"line":1,"column":24}}},"fnMap":{"0":{"name":"sum","decl":{"start":{"line":1,"column":24},"end":{"line":1,"column":27}},"loc":{"start":{"line":1,"column":48},"end":{"line":3,"column":1}}}},"branchMap":{},"s":{"0":3,"1":1},"f":{"0":3},"b":{}}
,"/Users/kevinkroon/Documents/projects/pcbcreator/src/components/BoxCreator.tsx": {"path":"/Users/kevinkroon/Documents/projects/pcbcreator/src/components/BoxCreator.tsx","statementMap":{"0":{"start":{"line":1,"column":0},"end":{"line":1,"column":44}},"1":{"start":{"line":2,"column":0},"end":{"line":2,"column":54}},"2":{"start":{"line":3,"column":0},"end":{"line":3,"column":24}},"3":{"start":{"line":11,"column":18},"end":{"line":115,"column":2}},"4":{"start":{"line":13,"column":38},"end":{"line":13,"column":null}},"5":{"start":{"line":15,"column":34},"end":{"line":15,"column":null}},"6":{"start":{"line":16,"column":35},"end":{"line":16,"column":null}},"7":{"start":{"line":29,"column":34},"end":{"line":29,"column":null}},"8":{"start":{"line":30,"column":35},"end":{"line":30,"column":null}},"9":{"start":{"line":32,"column":38},"end":{"line":32,"column":null}},"10":{"start":{"line":48,"column":38},"end":{"line":48,"column":null}},"11":{"start":{"line":51,"column":38},"end":{"line":51,"column":null}},"12":{"start":{"line":54,"column":38},"end":{"line":54,"column":null}},"13":{"start":{"line":56,"column":34},"end":{"line":56,"column":null}},"14":{"start":{"line":57,"column":35},"end":{"line":57,"column":null}},"15":{"start":{"line":60,"column":38},"end":{"line":60,"column":null}},"16":{"start":{"line":62,"column":34},"end":{"line":62,"column":null}},"17":{"start":{"line":63,"column":35},"end":{"line":63,"column":null}},"18":{"start":{"line":66,"column":38},"end":{"line":66,"column":null}},"19":{"start":{"line":68,"column":33},"end":{"line":68,"column":null}},"20":{"start":{"line":70,"column":34},"end":{"line":70,"column":null}},"21":{"start":{"line":71,"column":35},"end":{"line":71,"column":null}},"22":{"start":{"line":74,"column":38},"end":{"line":74,"column":null}},"23":{"start":{"line":76,"column":33},"end":{"line":76,"column":null}},"24":{"start":{"line":78,"column":34},"end":{"line":78,"column":null}},"25":{"start":{"line":79,"column":35},"end":{"line":79,"column":null}},"26":{"start":{"line":82,"column":38},"end":{"line":82,"column":null}},"27":{"start":{"line":84,"column":32},"end":{"line":84,"column":null}},"28":{"start":{"line":86,"column":34},"end":{"line":86,"column":null}},"29":{"start":{"line":87,"column":35},"end":{"line":87,"column":null}},"30":{"start":{"line":90,"column":38},"end":{"line":90,"column":null}},"31":{"start":{"line":92,"column":32},"end":{"line":92,"column":null}},"32":{"start":{"line":94,"column":34},"end":{"line":94,"column":null}},"33":{"start":{"line":95,"column":35},"end":{"line":95,"column":null}},"34":{"start":{"line":98,"column":38},"end":{"line":98,"column":null}},"35":{"start":{"line":101,"column":38},"end":{"line":101,"column":null}},"36":{"start":{"line":104,"column":38},"end":{"line":104,"column":null}},"37":{"start":{"line":107,"column":38},"end":{"line":107,"column":null}},"38":{"start":{"line":110,"column":38},"end":{"line":110,"column":null}},"39":{"start":{"line":113,"column":38},"end":{"line":113,"column":null}},"40":{"start":{"line":135,"column":19},"end":{"line":158,"column":null}},"41":{"start":{"line":137,"column":4},"end":{"line":137,"column":30}},"42":{"start":{"line":138,"column":38},"end":{"line":138,"column":44}},"43":{"start":{"line":139,"column":54},"end":{"line":139,"column":60}},"44":{"start":{"line":140,"column":36},"end":{"line":140,"column":42}},"45":{"start":{"line":141,"column":20},"end":{"line":141,"column":56}},"46":{"start":{"line":143,"column":4},"end":{"line":157,"column":6}},"47":{"start":{"line":161,"column":0},"end":{"line":161,"column":26}}},"fnMap":{"0":{"name":"(anonymous_1)","decl":{"start":{"line":13,"column":15},"end":{"line":13,"column":16}},"loc":{"start":{"line":13,"column":33},"end":{"line":13,"column":53}}},"1":{"name":"(anonymous_2)","decl":{"start":{"line":15,"column":11},"end":{"line":15,"column":12}},"loc":{"start":{"line":15,"column":29},"end":{"line":15,"column":39}}},"2":{"name":"(anonymous_3)","decl":{"start":{"line":16,"column":12},"end":{"line":16,"column":13}},"loc":{"start":{"line":16,"column":30},"end":{"line":16,"column":40}}},"3":{"name":"(anonymous_4)","decl":{"start":{"line":29,"column":11},"end":{"line":29,"column":12}},"loc":{"start":{"line":29,"column":29},"end":{"line":29,"column":39}}},"4":{"name":"(anonymous_5)","decl":{"start":{"line":30,"column":12},"end":{"line":30,"column":13}},"loc":{"start":{"line":30,"column":30},"end":{"line":30,"column":40}}},"5":{"name":"(anonymous_6)","decl":{"start":{"line":32,"column":15},"end":{"line":32,"column":16}},"loc":{"start":{"line":32,"column":33},"end":{"line":32,"column":53}}},"6":{"name":"(anonymous_7)","decl":{"start":{"line":48,"column":15},"end":{"line":48,"column":16}},"loc":{"start":{"line":48,"column":33},"end":{"line":48,"column":52}}},"7":{"name":"(anonymous_8)","decl":{"start":{"line":51,"column":15},"end":{"line":51,"column":16}},"loc":{"start":{"line":51,"column":33},"end":{"line":51,"column":68}}},"8":{"name":"(anonymous_9)","decl":{"start":{"line":54,"column":15},"end":{"line":54,"column":16}},"loc":{"start":{"line":54,"column":33},"end":{"line":54,"column":66}}},"9":{"name":"(anonymous_10)","decl":{"start":{"line":56,"column":11},"end":{"line":56,"column":12}},"loc":{"start":{"line":56,"column":29},"end":{"line":56,"column":39}}},"10":{"name":"(anonymous_11)","decl":{"start":{"line":57,"column":12},"end":{"line":57,"column":13}},"loc":{"start":{"line":57,"column":30},"end":{"line":57,"column":40}}},"11":{"name":"(anonymous_12)","decl":{"start":{"line":60,"column":15},"end":{"line":60,"column":16}},"loc":{"start":{"line":60,"column":33},"end":{"line":60,"column":68}}},"12":{"name":"(anonymous_13)","decl":{"start":{"line":62,"column":11},"end":{"line":62,"column":12}},"loc":{"start":{"line":62,"column":29},"end":{"line":62,"column":39}}},"13":{"name":"(anonymous_14)","decl":{"start":{"line":63,"column":12},"end":{"line":63,"column":13}},"loc":{"start":{"line":63,"column":30},"end":{"line":63,"column":40}}},"14":{"name":"(anonymous_15)","decl":{"start":{"line":66,"column":15},"end":{"line":66,"column":16}},"loc":{"start":{"line":66,"column":33},"end":{"line":66,"column":67}}},"15":{"name":"(anonymous_16)","decl":{"start":{"line":68,"column":10},"end":{"line":68,"column":11}},"loc":{"start":{"line":68,"column":28},"end":{"line":68,"column":36}}},"16":{"name":"(anonymous_17)","decl":{"start":{"line":70,"column":11},"end":{"line":70,"column":12}},"loc":{"start":{"line":70,"column":29},"end":{"line":70,"column":39}}},"17":{"name":"(anonymous_18)","decl":{"start":{"line":71,"column":12},"end":{"line":71,"column":13}},"loc":{"start":{"line":71,"column":30},"end":{"line":71,"column":40}}},"18":{"name":"(anonymous_19)","decl":{"start":{"line":74,"column":15},"end":{"line":74,"column":16}},"loc":{"start":{"line":74,"column":33},"end":{"line":74,"column":68}}},"19":{"name":"(anonymous_20)","decl":{"start":{"line":76,"column":10},"end":{"line":76,"column":11}},"loc":{"start":{"line":76,"column":28},"end":{"line":76,"column":36}}},"20":{"name":"(anonymous_21)","decl":{"start":{"line":78,"column":11},"end":{"line":78,"column":12}},"loc":{"start":{"line":78,"column":29},"end":{"line":78,"column":39}}},"21":{"name":"(anonymous_22)","decl":{"start":{"line":79,"column":12},"end":{"line":79,"column":13}},"loc":{"start":{"line":79,"column":30},"end":{"line":79,"column":40}}},"22":{"name":"(anonymous_23)","decl":{"start":{"line":82,"column":15},"end":{"line":82,"column":16}},"loc":{"start":{"line":82,"column":33},"end":{"line":82,"column":67}}},"23":{"name":"(anonymous_24)","decl":{"start":{"line":84,"column":9},"end":{"line":84,"column":10}},"loc":{"start":{"line":84,"column":27},"end":{"line":84,"column":35}}},"24":{"name":"(anonymous_25)","decl":{"start":{"line":86,"column":11},"end":{"line":86,"column":12}},"loc":{"start":{"line":86,"column":29},"end":{"line":86,"column":39}}},"25":{"name":"(anonymous_26)","decl":{"start":{"line":87,"column":12},"end":{"line":87,"column":13}},"loc":{"start":{"line":87,"column":30},"end":{"line":87,"column":40}}},"26":{"name":"(anonymous_27)","decl":{"start":{"line":90,"column":15},"end":{"line":90,"column":16}},"loc":{"start":{"line":90,"column":33},"end":{"line":90,"column":68}}},"27":{"name":"(anonymous_28)","decl":{"start":{"line":92,"column":9},"end":{"line":92,"column":10}},"loc":{"start":{"line":92,"column":27},"end":{"line":92,"column":35}}},"28":{"name":"(anonymous_29)","decl":{"start":{"line":94,"column":11},"end":{"line":94,"column":12}},"loc":{"start":{"line":94,"column":29},"end":{"line":94,"column":39}}},"29":{"name":"(anonymous_30)","decl":{"start":{"line":95,"column":12},"end":{"line":95,"column":13}},"loc":{"start":{"line":95,"column":30},"end":{"line":95,"column":40}}},"30":{"name":"(anonymous_31)","decl":{"start":{"line":98,"column":15},"end":{"line":98,"column":16}},"loc":{"start":{"line":98,"column":33},"end":{"line":98,"column":53}}},"31":{"name":"(anonymous_32)","decl":{"start":{"line":101,"column":15},"end":{"line":101,"column":16}},"loc":{"start":{"line":101,"column":33},"end":{"line":101,"column":53}}},"32":{"name":"(anonymous_33)","decl":{"start":{"line":104,"column":15},"end":{"line":104,"column":16}},"loc":{"start":{"line":104,"column":33},"end":{"line":104,"column":53}}},"33":{"name":"(anonymous_34)","decl":{"start":{"line":107,"column":15},"end":{"line":107,"column":16}},"loc":{"start":{"line":107,"column":33},"end":{"line":107,"column":53}}},"34":{"name":"(anonymous_35)","decl":{"start":{"line":110,"column":15},"end":{"line":110,"column":16}},"loc":{"start":{"line":110,"column":33},"end":{"line":110,"column":53}}},"35":{"name":"(anonymous_36)","decl":{"start":{"line":113,"column":15},"end":{"line":113,"column":16}},"loc":{"start":{"line":113,"column":33},"end":{"line":113,"column":53}}},"36":{"name":"(anonymous_37)","decl":{"start":{"line":136,"column":2},"end":{"line":136,"column":3}},"loc":{"start":{"line":136,"column":13},"end":{"line":158,"column":3}}}},"branchMap":{},"s":{"0":0,"1":0,"2":0,"3":0,"4":0,"5":0,"6":0,"7":0,"8":0,"9":0,"10":0,"11":0,"12":0,"13":0,"14":0,"15":0,"16":0,"17":0,"18":0,"19":0,"20":0,"21":0,"22":0,"23":0,"24":0,"25":0,"26":0,"27":0,"28":0,"29":0,"30":0,"31":0,"32":0,"33":0,"34":0,"35":0,"36":0,"37":0,"38":0,"39":0,"40":0,"41":0,"42":0,"43":0,"44":0,"45":0,"46":0,"47":0},"f":{"0":0,"1":0,"2":0,"3":0,"4":0,"5":0,"6":0,"7":0,"8":0,"9":0,"10":0,"11":0,"12":0,"13":0,"14":0,"15":0,"16":0,"17":0,"18":0,"19":0,"20":0,"21":0,"22":0,"23":0,"24":0,"25":0,"26":0,"27":0,"28":0,"29":0,"30":0,"31":0,"32":0,"33":0,"34":0,"35":0,"36":0},"b":{}}
,"/Users/kevinkroon/Documents/projects/pcbcreator/src/components/BrandTooltip.tsx": {"path":"/Users/kevinkroon/Documents/projects/pcbcreator/src/components/BrandTooltip.tsx","statementMap":{"0":{"start":{"line":1,"column":0},"end":{"line":1,"column":43}},"1":{"start":{"line":2,"column":0},"end":{"line":2,"column":65}},"2":{"start":{"line":3,"column":0},"end":{"line":3,"column":41}},"3":{"start":{"line":11,"column":43},"end":{"line":11,"column":45}},"4":{"start":{"line":11,"column":45},"end":{"line":11,"column":54}},"5":{"start":{"line":11,"column":54},"end":{"line":11,"column":67}},"6":{"start":{"line":11,"column":75},"end":{"line":11,"column":83}},"7":{"start":{"line":12,"column":2},"end":{"line":16,"column":null}},"8":{"start":{"line":11,"column":0},"end":{"line":11,"column":24}}},"fnMap":{"0":{"name":"BrandTooltip","decl":{"start":{"line":11,"column":24},"end":{"line":11,"column":36}},"loc":{"start":{"line":11,"column":83},"end":{"line":17,"column":1}}}},"branchMap":{"0":{"loc":{"start":{"line":11,"column":57},"end":{"line":11,"column":65}},"type":"cond-expr","locations":[{"start":{"line":11,"column":57},"end":{"line":11,"column":65}},{"start":{"line":11,"column":65},"end":{"line":11,"column":67}}]}},"s":{"0":0,"1":0,"2":0,"3":0,"4":0,"5":0,"6":0,"7":0,"8":0},"f":{"0":0},"b":{"0":[0,0]}}
,"/Users/kevinkroon/Documents/projects/pcbcreator/src/components/ListSeparator.tsx": {"path":"/Users/kevinkroon/Documents/projects/pcbcreator/src/components/ListSeparator.tsx","statementMap":{"0":{"start":{"line":1,"column":0},"end":{"line":1,"column":44}},"1":{"start":{"line":2,"column":0},"end":{"line":2,"column":24}},"2":{"start":{"line":4,"column":0},"end":{"line":4,"column":66}},"3":{"start":{"line":5,"column":0},"end":{"line":5,"column":49}},"4":{"start":{"line":13,"column":15},"end":{"line":18,"column":2}},"5":{"start":{"line":21,"column":43},"end":{"line":21,"column":49}},"6":{"start":{"line":21,"column":38},"end":{"line":21,"column":43}},"7":{"start":{"line":23,"column":2},"end":{"line":25,"column":4}},"8":{"start":{"line":28,"column":0},"end":{"line":28,"column":49}}},"fnMap":{"0":{"name":"ListSeparator","decl":{"start":{"line":20,"column":9},"end":{"line":20,"column":22}},"loc":{"start":{"line":20,"column":35},"end":{"line":26,"column":1}}}},"branchMap":{},"s":{"0":0,"1":0,"2":0,"3":0,"4":0,"5":0,"6":0,"7":0,"8":0},"f":{"0":0},"b":{}}
,"/Users/kevinkroon/Documents/projects/pcbcreator/src/components/SwatchButton.tsx": {"path":"/Users/kevinkroon/Documents/projects/pcbcreator/src/components/SwatchButton.tsx","statementMap":{"0":{"start":{"line":1,"column":0},"end":{"line":1,"column":44}},"1":{"start":{"line":2,"column":0},"end":{"line":2,"column":55}},"2":{"start":{"line":3,"column":0},"end":{"line":3,"column":61}},"3":{"start":{"line":4,"column":0},"end":{"line":4,"column":44}},"4":{"start":{"line":5,"column":0},"end":{"line":5,"column":68}},"5":{"start":{"line":6,"column":0},"end":{"line":6,"column":54}},"6":{"start":{"line":7,"column":0},"end":{"line":7,"column":46}},"7":{"start":{"line":8,"column":0},"end":{"line":8,"column":50}},"8":{"start":{"line":9,"column":0},"end":{"line":9,"column":42}},"9":{"start":{"line":10,"column":0},"end":{"line":10,"column":42}},"10":{"start":{"line":11,"column":0},"end":{"line":11,"column":66}},"11":{"start":{"line":12,"column":0},"end":{"line":12,"column":61}},"12":{"start":{"line":13,"column":0},"end":{"line":13,"column":61}},"13":{"start":{"line":14,"column":0},"end":{"line":14,"column":64}},"14":{"start":{"line":16,"column":18},"end":{"line":25,"column":null}},"15":{"start":{"line":17,"column":2},"end":{"line":25,"column":null}},"16":{"start":{"line":29,"column":19},"end":{"line":29,"column":32}},"17":{"start":{"line":30,"column":23},"end":{"line":30,"column":51}},"18":{"start":{"line":31,"column":18},"end":{"line":31,"column":29}},"19":{"start":{"line":32,"column":27},"end":{"line":32,"column":48}},"20":{"start":{"line":32,"column":13},"end":{"line":32,"column":15}},"21":{"start":{"line":32,"column":23},"end":{"line":32,"column":27}},"22":{"start":{"line":33,"column":20},"end":{"line":33,"column":57}},"23":{"start":{"line":34,"column":23},"end":{"line":36,"column":3}},"24":{"start":{"line":35,"column":4},"end":{"line":35,"column":38}},"25":{"start":{"line":35,"column":27},"end":{"line":35,"column":37}},"26":{"start":{"line":37,"column":22},"end":{"line":43,"column":3}},"27":{"start":{"line":38,"column":4},"end":{"line":40,"column":null}},"28":{"start":{"line":39,"column":6},"end":{"line":39,"column":13}},"29":{"start":{"line":42,"column":4},"end":{"line":42,"column":20}},"30":{"start":{"line":46,"column":4},"end":{"line":49,"column":null}},"31":{"start":{"line":47,"column":6},"end":{"line":47,"column":29}},"32":{"start":{"line":48,"column":6},"end":{"line":48,"column":22}},"33":{"start":{"line":53,"column":19},"end":{"line":53,"column":37}},"34":{"start":{"line":54,"column":2},"end":{"line":60,"column":13}},"35":{"start":{"line":55,"column":4},"end":{"line":57,"column":null}},"36":{"start":{"line":56,"column":6},"end":{"line":56,"column":33}},"37":{"start":{"line":59,"column":4},"end":{"line":59,"column":28}},"38":{"start":{"line":62,"column":2},"end":{"line":114,"column":4}},"39":{"start":{"line":82,"column":27},"end":{"line":82,"column":29}},"40":{"start":{"line":82,"column":38},"end":{"line":82,"column":40}},"41":{"start":{"line":82,"column":45},"end":{"line":111,"column":null}},"42":{"start":{"line":94,"column":22},"end":{"line":105,"column":null}},"43":{"start":{"line":99,"column":28},"end":{"line":99,"column":61}},"44":{"start":{"line":100,"column":28},"end":{"line":100,"column":43}},"45":{"start":{"line":28,"column":0},"end":{"line":28,"column":24}}},"fnMap":{"0":{"name":"(anonymous_3)","decl":{"start":{"line":16,"column":29},"end":{"line":16,"column":30}},"loc":{"start":{"line":16,"column":35},"end":{"line":17,"column":14}}},"1":{"name":"SwatchButton","decl":{"start":{"line":28,"column":24},"end":{"line":28,"column":36}},"loc":{"start":{"line":28,"column":36},"end":{"line":115,"column":1}}},"2":{"name":"(anonymous_5)","decl":{"start":{"line":34,"column":23},"end":{"line":34,"column":null}},"loc":{"start":{"line":34,"column":23},"end":{"line":36,"column":3}}},"3":{"name":"(anonymous_6)","decl":{"start":{"line":35,"column":13},"end":{"line":35,"column":14}},"loc":{"start":{"line":35,"column":22},"end":{"line":35,"column":28}}},"4":{"name":"(anonymous_7)","decl":{"start":{"line":37,"column":22},"end":{"line":37,"column":23}},"loc":{"start":{"line":37,"column":59},"end":{"line":43,"column":3}}},"5":{"name":"handleListKeyDown","decl":{"start":{"line":45,"column":11},"end":{"line":45,"column":28}},"loc":{"start":{"line":45,"column":55},"end":{"line":50,"column":3}}},"6":{"name":"(anonymous_9)","decl":{"start":{"line":54,"column":18},"end":{"line":54,"column":null}},"loc":{"start":{"line":54,"column":18},"end":{"line":60,"column":3}}},"7":{"name":"(anonymous_10)","decl":{"start":{"line":82,"column":9},"end":{"line":82,"column":10}},"loc":{"start":{"line":82,"column":40},"end":{"line":82,"column":null}}},"8":{"name":"(anonymous_11)","decl":{"start":{"line":93,"column":20},"end":{"line":93,"column":21}},"loc":{"start":{"line":93,"column":26},"end":{"line":94,"column":27}}},"9":{"name":"(anonymous_12)","decl":{"start":{"line":98,"column":35},"end":{"line":98,"column":36}},"loc":{"start":{"line":98,"column":37},"end":{"line":101,"column":27}}}},"branchMap":{"0":{"loc":{"start":{"line":38,"column":4},"end":{"line":40,"column":null}},"type":"if","locations":[{"start":{"line":38,"column":4},"end":{"line":40,"column":null}},{"start":{"line":38,"column":4},"end":{"line":40,"column":null}}]},"1":{"loc":{"start":{"line":38,"column":8},"end":{"line":38,"column":25}},"type":"binary-expr","locations":[{"start":{"line":38,"column":8},"end":{"line":38,"column":25}},{"start":{"line":38,"column":29},"end":{"line":38,"column":84}}]},"2":{"loc":{"start":{"line":46,"column":4},"end":{"line":49,"column":null}},"type":"if","locations":[{"start":{"line":46,"column":4},"end":{"line":49,"column":null}},{"start":{"line":46,"column":4},"end":{"line":49,"column":null}}]},"3":{"loc":{"start":{"line":55,"column":4},"end":{"line":57,"column":null}},"type":"if","locations":[{"start":{"line":55,"column":4},"end":{"line":57,"column":null}},{"start":{"line":55,"column":4},"end":{"line":57,"column":null}}]},"4":{"loc":{"start":{"line":55,"column":8},"end":{"line":55,"column":33}},"type":"binary-expr","locations":[{"start":{"line":55,"column":8},"end":{"line":55,"column":33}},{"start":{"line":55,"column":37},"end":{"line":55,"column":51}}]},"5":{"loc":{"start":{"line":68,"column":32},"end":{"line":68,"column":48}},"type":"cond-expr","locations":[{"start":{"line":68,"column":32},"end":{"line":68,"column":48}},{"start":{"line":68,"column":51},"end":{"line":68,"column":60}}]},"6":{"loc":{"start":{"line":94,"column":22},"end":{"line":94,"column":44}},"type":"binary-expr","locations":[{"start":{"line":94,"column":22},"end":{"line":94,"column":44}},{"start":{"line":95,"column":24},"end":{"line":103,"column":null}}]}},"s":{"0":0,"1":0,"2":0,"3":0,"4":0,"5":0,"6":0,"7":0,"8":0,"9":0,"10":0,"11":0,"12":0,"13":0,"14":0,"15":0,"16":0,"17":0,"18":0,"19":0,"20":0,"21":0,"22":0,"23":0,"24":0,"25":0,"26":0,"27":0,"28":0,"29":0,"30":0,"31":0,"32":0,"33":0,"34":0,"35":0,"36":0,"37":0,"38":0,"39":0,"40":0,"41":0,"42":0,"43":0,"44":0,"45":0},"f":{"0":0,"1":0,"2":0,"3":0,"4":0,"5":0,"6":0,"7":0,"8":0,"9":0},"b":{"0":[0,0],"1":[0,0],"2":[0,0],"3":[0,0],"4":[0,0],"5":[0,0],"6":[0,0]}}
,"/Users/kevinkroon/Documents/projects/pcbcreator/src/components/ToggleViewButton.tsx": {"path":"/Users/kevinkroon/Documents/projects/pcbcreator/src/components/ToggleViewButton.tsx","statementMap":{"0":{"start":{"line":1,"column":0},"end":{"line":1,"column":44}},"1":{"start":{"line":2,"column":0},"end":{"line":2,"column":42}},"2":{"start":{"line":3,"column":0},"end":{"line":3,"column":54}},"3":{"start":{"line":4,"column":0},"end":{"line":4,"column":73}},"4":{"start":{"line":5,"column":0},"end":{"line":5,"column":55}},"5":{"start":{"line":6,"column":0},"end":{"line":6,"column":58}},"6":{"start":{"line":7,"column":0},"end":{"line":7,"column":59}},"7":{"start":{"line":13,"column":57},"end":{"line":13,"column":66}},"8":{"start":{"line":14,"column":19},"end":{"line":14,"column":32}},"9":{"start":{"line":15,"column":22},"end":{"line":15,"column":54}},"10":{"start":{"line":16,"column":2},"end":{"line":28,"column":4}},"11":{"start":{"line":21,"column":10},"end":{"line":21,"column":57}},"12":{"start":{"line":22,"column":10},"end":{"line":22,"column":33}},"13":{"start":{"line":13,"column":0},"end":{"line":13,"column":24}}},"fnMap":{"0":{"name":"ToggleViewButton","decl":{"start":{"line":13,"column":24},"end":{"line":13,"column":40}},"loc":{"start":{"line":13,"column":66},"end":{"line":29,"column":1}}},"1":{"name":"(anonymous_2)","decl":{"start":{"line":20,"column":17},"end":{"line":20,"column":null}},"loc":{"start":{"line":20,"column":17},"end":{"line":23,"column":9}}}},"branchMap":{"0":{"loc":{"start":{"line":17,"column":49},"end":{"line":17,"column":55}},"type":"cond-expr","locations":[{"start":{"line":17,"column":49},"end":{"line":17,"column":55}},{"start":{"line":17,"column":58},"end":{"line":17,"column":65}}]},"1":{"loc":{"start":{"line":21,"column":39},"end":{"line":21,"column":45}},"type":"cond-expr","locations":[{"start":{"line":21,"column":39},"end":{"line":21,"column":45}},{"start":{"line":21,"column":48},"end":{"line":21,"column":55}}]}},"s":{"0":0,"1":0,"2":0,"3":0,"4":0,"5":0,"6":0,"7":0,"8":0,"9":0,"10":0,"11":0,"12":0,"13":0},"f":{"0":0,"1":0},"b":{"0":[0,0],"1":[0,0]}}
,"/Users/kevinkroon/Documents/projects/pcbcreator/src/components/map.ts": {"path":"/Users/kevinkroon/Documents/projects/pcbcreator/src/components/map.ts","statementMap":{"0":{"start":{"line":2,"column":2},"end":{"line":2,"column":76}},"1":{"start":{"line":1,"column":0},"end":{"line":1,"column":24}}},"fnMap":{"0":{"name":"map","decl":{"start":{"line":1,"column":24},"end":{"line":1,"column":27}},"loc":{"start":{"line":1,"column":103},"end":{"line":3,"column":1}}}},"branchMap":{},"s":{"0":0,"1":0},"f":{"0":0},"b":{}}
,"/Users/kevinkroon/Documents/projects/pcbcreator/src/components/Perfboard/Base.tsx": {"path":"/Users/kevinkroon/Documents/projects/pcbcreator/src/components/Perfboard/Base.tsx","statementMap":{"0":{"start":{"line":1,"column":0},"end":{"line":1,"column":44}},"1":{"start":{"line":2,"column":0},"end":{"line":2,"column":54}},"2":{"start":{"line":3,"column":0},"end":{"line":3,"column":60}},"3":{"start":{"line":8,"column":18},"end":{"line":17,"column":2}},"4":{"start":{"line":15,"column":33},"end":{"line":15,"column":null}},"5":{"start":{"line":23,"column":37},"end":{"line":23,"column":46}},"6":{"start":{"line":24,"column":18},"end":{"line":24,"column":39}},"7":{"start":{"line":25,"column":2},"end":{"line":25,"column":69}},"8":{"start":{"line":23,"column":0},"end":{"line":23,"column":24}}},"fnMap":{"0":{"name":"(anonymous_1)","decl":{"start":{"line":15,"column":10},"end":{"line":15,"column":11}},"loc":{"start":{"line":15,"column":28},"end":{"line":15,"column":34}}},"1":{"name":"Base","decl":{"start":{"line":23,"column":24},"end":{"line":23,"column":28}},"loc":{"start":{"line":23,"column":46},"end":{"line":26,"column":1}}}},"branchMap":{"0":{"loc":{"start":{"line":15,"column":49},"end":{"line":15,"column":56}},"type":"cond-expr","locations":[{"start":{"line":15,"column":49},"end":{"line":15,"column":56}},{"start":{"line":15,"column":59},"end":{"line":15,"column":70}}]}},"s":{"0":0,"1":0,"2":0,"3":0,"4":0,"5":0,"6":0,"7":0,"8":0},"f":{"0":0,"1":0},"b":{"0":[0,0]}}
,"/Users/kevinkroon/Documents/projects/pcbcreator/src/components/Perfboard/CONSTANTS.ts": {"path":"/Users/kevinkroon/Documents/projects/pcbcreator/src/components/Perfboard/CONSTANTS.ts","statementMap":{"0":{"start":{"line":1,"column":13},"end":{"line":1,"column":33}},"1":{"start":{"line":3,"column":13},"end":{"line":3,"column":34}},"2":{"start":{"line":5,"column":13},"end":{"line":5,"column":38}},"3":{"start":{"line":6,"column":13},"end":{"line":6,"column":37}},"4":{"start":{"line":7,"column":13},"end":{"line":7,"column":33}},"5":{"start":{"line":9,"column":13},"end":{"line":9,"column":25}},"6":{"start":{"line":11,"column":13},"end":{"line":11,"column":77}},"7":{"start":{"line":11,"column":53},"end":{"line":11,"column":77}}},"fnMap":{"0":{"name":"(anonymous_0)","decl":{"start":{"line":11,"column":30},"end":{"line":11,"column":31}},"loc":{"start":{"line":11,"column":48},"end":{"line":11,"column":62}}}},"branchMap":{},"s":{"0":0,"1":0,"2":0,"3":0,"4":0,"5":0,"6":0,"7":0},"f":{"0":0},"b":{}}
,"/Users/kevinkroon/Documents/projects/pcbcreator/src/components/Perfboard/CopperPads.tsx": {"path":"/Users/kevinkroon/Documents/projects/pcbcreator/src/components/Perfboard/CopperPads.tsx","statementMap":{"0":{"start":{"line":1,"column":0},"end":{"line":1,"column":44}},"1":{"start":{"line":2,"column":0},"end":{"line":2,"column":54}},"2":{"start":{"line":4,"column":0},"end":{"line":4,"column":43}},"3":{"start":{"line":5,"column":0},"end":{"line":5,"column":42}},"4":{"start":{"line":6,"column":0},"end":{"line":6,"column":75}},"5":{"start":{"line":8,"column":18},"end":{"line":14,"column":2}},"6":{"start":{"line":17,"column":2},"end":{"line":17,"column":28}},"7":{"start":{"line":18,"column":17},"end":{"line":18,"column":39}},"8":{"start":{"line":19,"column":16},"end":{"line":19,"column":37}},"9":{"start":{"line":21,"column":18},"end":{"line":21,"column":29}},"10":{"start":{"line":22,"column":2},"end":{"line":35,"column":4}},"11":{"start":{"line":24,"column":44},"end":{"line":33,"column":8}},"12":{"start":{"line":16,"column":0},"end":{"line":16,"column":24}}},"fnMap":{"0":{"name":"CopperPads","decl":{"start":{"line":16,"column":24},"end":{"line":16,"column":34}},"loc":{"start":{"line":16,"column":34},"end":{"line":36,"column":1}}},"1":{"name":"(anonymous_2)","decl":{"start":{"line":24,"column":33},"end":{"line":24,"column":34}},"loc":{"start":{"line":24,"column":39},"end":{"line":24,"column":null}}}},"branchMap":{},"s":{"0":0,"1":0,"2":0,"3":0,"4":0,"5":0,"6":0,"7":0,"8":0,"9":0,"10":0,"11":0,"12":0},"f":{"0":0,"1":0},"b":{}}
,"/Users/kevinkroon/Documents/projects/pcbcreator/src/components/Perfboard/Grid.tsx": {"path":"/Users/kevinkroon/Documents/projects/pcbcreator/src/components/Perfboard/Grid.tsx","statementMap":{"0":{"start":{"line":1,"column":0},"end":{"line":1,"column":44}},"1":{"start":{"line":2,"column":0},"end":{"line":2,"column":54}},"2":{"start":{"line":3,"column":0},"end":{"line":3,"column":40}},"3":{"start":{"line":5,"column":0},"end":{"line":5,"column":42}},"4":{"start":{"line":6,"column":0},"end":{"line":6,"column":85}},"5":{"start":{"line":8,"column":18},"end":{"line":14,"column":2}},"6":{"start":{"line":17,"column":2},"end":{"line":17,"column":22}},"7":{"start":{"line":18,"column":16},"end":{"line":18,"column":37}},"8":{"start":{"line":19,"column":18},"end":{"line":19,"column":41}},"9":{"start":{"line":20,"column":15},"end":{"line":20,"column":35}},"10":{"start":{"line":21,"column":18},"end":{"line":21,"column":29}},"11":{"start":{"line":22,"column":2},"end":{"line":34,"column":4}},"12":{"start":{"line":30,"column":62},"end":{"line":32,"column":8}},"13":{"start":{"line":16,"column":0},"end":{"line":16,"column":24}},"14":{"start":{"line":37,"column":24},"end":{"line":60,"column":1}},"15":{"start":{"line":42,"column":20},"end":{"line":42,"column":22}},"16":{"start":{"line":43,"column":20},"end":{"line":43,"column":22}},"17":{"start":{"line":45,"column":2},"end":{"line":49,"column":null}},"18":{"start":{"line":45,"column":15},"end":{"line":45,"column":16}},"19":{"start":{"line":46,"column":18},"end":{"line":46,"column":40}},"20":{"start":{"line":47,"column":16},"end":{"line":47,"column":43}},"21":{"start":{"line":48,"column":4},"end":{"line":48,"column":27}},"22":{"start":{"line":51,"column":15},"end":{"line":51,"column":19}},"23":{"start":{"line":52,"column":2},"end":{"line":57,"column":null}},"24":{"start":{"line":52,"column":15},"end":{"line":52,"column":16}},"25":{"start":{"line":53,"column":18},"end":{"line":53,"column":40}},"26":{"start":{"line":54,"column":16},"end":{"line":54,"column":43}},"27":{"start":{"line":55,"column":4},"end":{"line":55,"column":27}},"28":{"start":{"line":56,"column":4},"end":{"line":56,"column":21}},"29":{"start":{"line":59,"column":2},"end":{"line":59,"column":22}}},"fnMap":{"0":{"name":"Grid","decl":{"start":{"line":16,"column":24},"end":{"line":16,"column":28}},"loc":{"start":{"line":16,"column":28},"end":{"line":35,"column":1}}},"1":{"name":"(anonymous_3)","decl":{"start":{"line":30,"column":49},"end":{"line":30,"column":50}},"loc":{"start":{"line":30,"column":57},"end":{"line":30,"column":null}}},"2":{"name":"(anonymous_4)","decl":{"start":{"line":37,"column":24},"end":{"line":37,"column":25}},"loc":{"start":{"line":37,"column":68},"end":{"line":60,"column":1}}}},"branchMap":{"0":{"loc":{"start":{"line":52,"column":38},"end":{"line":52,"column":44}},"type":"cond-expr","locations":[{"start":{"line":52,"column":38},"end":{"line":52,"column":44}},{"start":{"line":52,"column":49},"end":{"line":52,"column":55}}]}},"s":{"0":0,"1":0,"2":0,"3":0,"4":0,"5":0,"6":0,"7":0,"8":0,"9":0,"10":0,"11":0,"12":0,"13":0,"14":0,"15":0,"16":0,"17":0,"18":0,"19":0,"20":0,"21":0,"22":0,"23":0,"24":0,"25":0,"26":0,"27":0,"28":0,"29":0},"f":{"0":0,"1":0,"2":0},"b":{"0":[0,0]}}
,"/Users/kevinkroon/Documents/projects/pcbcreator/src/components/Perfboard/Indexing.tsx": {"path":"/Users/kevinkroon/Documents/projects/pcbcreator/src/components/Perfboard/Indexing.tsx","statementMap":{"0":{"start":{"line":1,"column":0},"end":{"line":1,"column":44}},"1":{"start":{"line":2,"column":0},"end":{"line":2,"column":47}},"2":{"start":{"line":3,"column":0},"end":{"line":3,"column":38}},"3":{"start":{"line":5,"column":0},"end":{"line":5,"column":64}},"4":{"start":{"line":6,"column":0},"end":{"line":6,"column":58}},"5":{"start":{"line":7,"column":0},"end":{"line":7,"column":42}},"6":{"start":{"line":8,"column":0},"end":{"line":8,"column":85}},"7":{"start":{"line":14,"column":18},"end":{"line":30,"column":2}},"8":{"start":{"line":27,"column":37},"end":{"line":27,"column":null}},"9":{"start":{"line":37,"column":40},"end":{"line":37,"column":42}},"10":{"start":{"line":37,"column":56},"end":{"line":37,"column":65}},"11":{"start":{"line":38,"column":2},"end":{"line":38,"column":26}},"12":{"start":{"line":39,"column":16},"end":{"line":39,"column":37}},"13":{"start":{"line":40,"column":18},"end":{"line":40,"column":41}},"14":{"start":{"line":41,"column":15},"end":{"line":41,"column":35}},"15":{"start":{"line":43,"column":18},"end":{"line":43,"column":38}},"16":{"start":{"line":44,"column":2},"end":{"line":72,"column":4}},"17":{"start":{"line":49,"column":43},"end":{"line":53,"column":10}},"18":{"start":{"line":57,"column":40},"end":{"line":69,"column":10}},"19":{"start":{"line":37,"column":0},"end":{"line":37,"column":24}}},"fnMap":{"0":{"name":"(anonymous_2)","decl":{"start":{"line":27,"column":14},"end":{"line":27,"column":15}},"loc":{"start":{"line":27,"column":32},"end":{"line":27,"column":42}}},"1":{"name":"Indexing","decl":{"start":{"line":37,"column":24},"end":{"line":37,"column":32}},"loc":{"start":{"line":37,"column":65},"end":{"line":73,"column":1}}},"2":{"name":"(anonymous_4)","decl":{"start":{"line":49,"column":33},"end":{"line":49,"column":34}},"loc":{"start":{"line":49,"column":38},"end":{"line":49,"column":null}}},"3":{"name":"(anonymous_5)","decl":{"start":{"line":57,"column":30},"end":{"line":57,"column":31}},"loc":{"start":{"line":57,"column":35},"end":{"line":57,"column":null}}}},"branchMap":{},"s":{"0":0,"1":0,"2":0,"3":0,"4":0,"5":0,"6":0,"7":0,"8":0,"9":0,"10":0,"11":0,"12":0,"13":0,"14":0,"15":0,"16":0,"17":0,"18":0,"19":0},"f":{"0":0,"1":0,"2":0,"3":0},"b":{}}
,"/Users/kevinkroon/Documents/projects/pcbcreator/src/components/Perfboard/Perfboard.tsx": {"path":"/Users/kevinkroon/Documents/projects/pcbcreator/src/components/Perfboard/Perfboard.tsx","statementMap":{"0":{"start":{"line":1,"column":0},"end":{"line":1,"column":44}},"1":{"start":{"line":3,"column":0},"end":{"line":3,"column":42}},"2":{"start":{"line":5,"column":0},"end":{"line":5,"column":54}},"3":{"start":{"line":7,"column":0},"end":{"line":7,"column":110}},"4":{"start":{"line":8,"column":0},"end":{"line":8,"column":71}},"5":{"start":{"line":10,"column":0},"end":{"line":10,"column":39}},"6":{"start":{"line":11,"column":0},"end":{"line":11,"column":26}},"7":{"start":{"line":12,"column":0},"end":{"line":12,"column":26}},"8":{"start":{"line":14,"column":0},"end":{"line":14,"column":79}},"9":{"start":{"line":16,"column":0},"end":{"line":16,"column":38}},"10":{"start":{"line":17,"column":0},"end":{"line":17,"column":34}},"11":{"start":{"line":18,"column":0},"end":{"line":18,"column":30}},"12":{"start":{"line":19,"column":0},"end":{"line":19,"column":51}},"13":{"start":{"line":22,"column":18},"end":{"line":34,"column":2}},"14":{"start":{"line":37,"column":18},"end":{"line":122,"column":null}},"15":{"start":{"line":39,"column":4},"end":{"line":39,"column":29}},"16":{"start":{"line":40,"column":18},"end":{"line":40,"column":39}},"17":{"start":{"line":41,"column":19},"end":{"line":41,"column":41}},"18":{"start":{"line":42,"column":22},"end":{"line":42,"column":47}},"19":{"start":{"line":44,"column":18},"end":{"line":44,"column":39}},"20":{"start":{"line":45,"column":19},"end":{"line":45,"column":41}},"21":{"start":{"line":47,"column":17},"end":{"line":47,"column":37}},"22":{"start":{"line":48,"column":18},"end":{"line":48,"column":39}},"23":{"start":{"line":50,"column":17},"end":{"line":50,"column":49}},"24":{"start":{"line":50,"column":40},"end":{"line":50,"column":65}},"25":{"start":{"line":52,"column":20},"end":{"line":52,"column":31}},"26":{"start":{"line":54,"column":16},"end":{"line":54,"column":null}},"27":{"start":{"line":54,"column":58},"end":{"line":65,"column":6}},"28":{"start":{"line":67,"column":4},"end":{"line":121,"column":6}},"29":{"start":{"line":82,"column":52},"end":{"line":84,"column":16}},"30":{"start":{"line":125,"column":0},"end":{"line":125,"column":25}}},"fnMap":{"0":{"name":"(anonymous_1)","decl":{"start":{"line":38,"column":2},"end":{"line":38,"column":3}},"loc":{"start":{"line":38,"column":13},"end":{"line":122,"column":3}}},"1":{"name":"(anonymous_2)","decl":{"start":{"line":50,"column":17},"end":{"line":50,"column":18}},"loc":{"start":{"line":50,"column":35},"end":{"line":50,"column":49}}},"2":{"name":"(anonymous_3)","decl":{"start":{"line":54,"column":16},"end":{"line":54,"column":17}},"loc":{"start":{"line":54,"column":53},"end":{"line":54,"column":null}}},"3":{"name":"(anonymous_4)","decl":{"start":{"line":82,"column":41},"end":{"line":82,"column":42}},"loc":{"start":{"line":82,"column":47},"end":{"line":82,"column":null}}}},"branchMap":{},"s":{"0":0,"1":0,"2":0,"3":0,"4":0,"5":0,"6":0,"7":0,"8":0,"9":0,"10":0,"11":0,"12":0,"13":0,"14":0,"15":0,"16":0,"17":0,"18":0,"19":0,"20":0,"21":0,"22":0,"23":0,"24":0,"25":0,"26":0,"27":0,"28":0,"29":0,"30":0},"f":{"0":0,"1":0,"2":0,"3":0},"b":{}}
,"/Users/kevinkroon/Documents/projects/pcbcreator/src/components/Perfboard/Points.tsx": {"path":"/Users/kevinkroon/Documents/projects/pcbcreator/src/components/Perfboard/Points.tsx","statementMap":{"0":{"start":{"line":1,"column":0},"end":{"line":1,"column":44}},"1":{"start":{"line":2,"column":0},"end":{"line":2,"column":54}},"2":{"start":{"line":4,"column":0},"end":{"line":4,"column":55}},"3":{"start":{"line":6,"column":0},"end":{"line":6,"column":70}},"4":{"start":{"line":7,"column":0},"end":{"line":7,"column":75}},"5":{"start":{"line":13,"column":18},"end":{"line":34,"column":2}},"6":{"start":{"line":36,"column":38},"end":{"line":36,"column":47}},"7":{"start":{"line":37,"column":2},"end":{"line":37,"column":24}},"8":{"start":{"line":38,"column":17},"end":{"line":38,"column":39}},"9":{"start":{"line":39,"column":16},"end":{"line":39,"column":37}},"10":{"start":{"line":40,"column":18},"end":{"line":40,"column":29}},"11":{"start":{"line":41,"column":19},"end":{"line":41,"column":32}},"12":{"start":{"line":42,"column":22},"end":{"line":47,"column":3}},"13":{"start":{"line":44,"column":4},"end":{"line":44,"column":38}},"14":{"start":{"line":45,"column":4},"end":{"line":45,"column":47}},"15":{"start":{"line":49,"column":2},"end":{"line":65,"column":4}},"16":{"start":{"line":52,"column":25},"end":{"line":52,"column":36}},"17":{"start":{"line":52,"column":17},"end":{"line":52,"column":19}},"18":{"start":{"line":52,"column":20},"end":{"line":52,"column":25}},"19":{"start":{"line":53,"column":8},"end":{"line":62,"column":10}},"20":{"start":{"line":60,"column":28},"end":{"line":60,"column":null}},"21":{"start":{"line":36,"column":0},"end":{"line":36,"column":24}}},"fnMap":{"0":{"name":"Points","decl":{"start":{"line":36,"column":24},"end":{"line":36,"column":30}},"loc":{"start":{"line":36,"column":47},"end":{"line":66,"column":1}}},"1":{"name":"(anonymous_2)","decl":{"start":{"line":42,"column":22},"end":{"line":42,"column":23}},"loc":{"start":{"line":42,"column":32},"end":{"line":47,"column":3}}},"2":{"name":"(anonymous_3)","decl":{"start":{"line":51,"column":33},"end":{"line":51,"column":34}},"loc":{"start":{"line":51,"column":39},"end":{"line":63,"column":7}}},"3":{"name":"(anonymous_4)","decl":{"start":{"line":60,"column":21},"end":{"line":60,"column":22}},"loc":{"start":{"line":60,"column":23},"end":{"line":60,"column":39}}}},"branchMap":{},"s":{"0":0,"1":0,"2":0,"3":0,"4":0,"5":0,"6":0,"7":0,"8":0,"9":0,"10":0,"11":0,"12":0,"13":0,"14":0,"15":0,"16":0,"17":0,"18":0,"19":0,"20":0,"21":0},"f":{"0":0,"1":0,"2":0,"3":0},"b":{}}
,"/Users/kevinkroon/Documents/projects/pcbcreator/src/components/Perfboard/createAlphabeticalIndex.ts": {"path":"/Users/kevinkroon/Documents/projects/pcbcreator/src/components/Perfboard/createAlphabeticalIndex.ts","statementMap":{"0":{"start":{"line":3,"column":19},"end":{"line":3,"column":57}},"1":{"start":{"line":4,"column":28},"end":{"line":4,"column":66}},"2":{"start":{"line":5,"column":30},"end":{"line":5,"column":82}},"3":{"start":{"line":6,"column":2},"end":{"line":10,"column":null}},"4":{"start":{"line":7,"column":4},"end":{"line":7,"column":55}},"5":{"start":{"line":8,"column":19},"end":{"line":8,"column":71}},"6":{"start":{"line":9,"column":4},"end":{"line":9,"column":38}},"7":{"start":{"line":11,"column":2},"end":{"line":11,"column":36}},"8":{"start":{"line":2,"column":0},"end":{"line":2,"column":24}}},"fnMap":{"0":{"name":"createAlphabeticalIndex","decl":{"start":{"line":2,"column":24},"end":{"line":2,"column":47}},"loc":{"start":{"line":2,"column":77},"end":{"line":12,"column":1}}}},"branchMap":{},"s":{"0":6,"1":6,"2":6,"3":6,"4":4,"5":4,"6":4,"7":6,"8":1},"f":{"0":6},"b":{}}
,"/Users/kevinkroon/Documents/projects/pcbcreator/src/components/Perfboard/createNumericalIndex.ts": {"path":"/Users/kevinkroon/Documents/projects/pcbcreator/src/components/Perfboard/createNumericalIndex.ts","statementMap":{"0":{"start":{"line":4,"column":28},"end":{"line":4,"column":50}},"1":{"start":{"line":5,"column":26},"end":{"line":5,"column":51}},"2":{"start":{"line":6,"column":17},"end":{"line":6,"column":92}},"3":{"start":{"line":7,"column":2},"end":{"line":7,"column":16}},"4":{"start":{"line":3,"column":0},"end":{"line":3,"column":24}},"5":{"start":{"line":10,"column":24},"end":{"line":10,"column":44}},"6":{"start":{"line":10,"column":41},"end":{"line":10,"column":63}}},"fnMap":{"0":{"name":"createNumericalIndex","decl":{"start":{"line":3,"column":24},"end":{"line":3,"column":44}},"loc":{"start":{"line":3,"column":77},"end":{"line":8,"column":1}}},"1":{"name":"(anonymous_2)","decl":{"start":{"line":10,"column":24},"end":{"line":10,"column":25}},"loc":{"start":{"line":10,"column":36},"end":{"line":10,"column":44}}}},"branchMap":{},"s":{"0":7,"1":7,"2":7,"3":7,"4":1,"5":1,"6":14},"f":{"0":7,"1":14},"b":{}}
,"/Users/kevinkroon/Documents/projects/pcbcreator/src/components/Perfboard/Connection/Connections.tsx": {"path":"/Users/kevinkroon/Documents/projects/pcbcreator/src/components/Perfboard/Connection/Connections.tsx","statementMap":{"0":{"start":{"line":1,"column":0},"end":{"line":1,"column":44}},"1":{"start":{"line":2,"column":0},"end":{"line":2,"column":42}},"2":{"start":{"line":3,"column":0},"end":{"line":3,"column":54}},"3":{"start":{"line":4,"column":0},"end":{"line":4,"column":75}},"4":{"start":{"line":5,"column":0},"end":{"line":5,"column":78}},"5":{"start":{"line":7,"column":0},"end":{"line":7,"column":28}},"6":{"start":{"line":8,"column":0},"end":{"line":8,"column":30}},"7":{"start":{"line":16,"column":18},"end":{"line":20,"column":2}},"8":{"start":{"line":22,"column":43},"end":{"line":22,"column":52}},"9":{"start":{"line":23,"column":2},"end":{"line":23,"column":29}},"10":{"start":{"line":24,"column":22},"end":{"line":24,"column":49}},"11":{"start":{"line":25,"column":17},"end":{"line":25,"column":39}},"12":{"start":{"line":26,"column":16},"end":{"line":26,"column":37}},"13":{"start":{"line":27,"column":18},"end":{"line":27,"column":38}},"14":{"start":{"line":28,"column":2},"end":{"line":37,"column":4}},"15":{"start":{"line":22,"column":0},"end":{"line":22,"column":24}}},"fnMap":{"0":{"name":"Connections","decl":{"start":{"line":22,"column":24},"end":{"line":22,"column":35}},"loc":{"start":{"line":22,"column":52},"end":{"line":38,"column":1}}}},"branchMap":{},"s":{"0":0,"1":0,"2":0,"3":0,"4":0,"5":0,"6":0,"7":0,"8":0,"9":0,"10":0,"11":0,"12":0,"13":0,"14":0,"15":0},"f":{"0":0},"b":{}}
,"/Users/kevinkroon/Documents/projects/pcbcreator/src/components/Perfboard/Connection/Line.tsx": {"path":"/Users/kevinkroon/Documents/projects/pcbcreator/src/components/Perfboard/Connection/Line.tsx","statementMap":{"0":{"start":{"line":1,"column":0},"end":{"line":1,"column":44}},"1":{"start":{"line":2,"column":0},"end":{"line":2,"column":54}},"2":{"start":{"line":8,"column":0},"end":{"line":8,"column":42}},"3":{"start":{"line":11,"column":0},"end":{"line":11,"column":67}},"4":{"start":{"line":20,"column":18},"end":{"line":35,"column":2}},"5":{"start":{"line":26,"column":30},"end":{"line":26,"column":null}},"6":{"start":{"line":27,"column":40},"end":{"line":27,"column":null}},"7":{"start":{"line":30,"column":35},"end":{"line":30,"column":null}},"8":{"start":{"line":43,"column":35},"end":{"line":43,"column":37}},"9":{"start":{"line":43,"column":49},"end":{"line":43,"column":58}},"10":{"start":{"line":44,"column":2},"end":{"line":44,"column":23}},"11":{"start":{"line":45,"column":16},"end":{"line":45,"column":37}},"12":{"start":{"line":46,"column":20},"end":{"line":46,"column":25}},"13":{"start":{"line":47,"column":18},"end":{"line":47,"column":45}},"14":{"start":{"line":49,"column":2},"end":{"line":60,"column":4}},"15":{"start":{"line":43,"column":0},"end":{"line":43,"column":24}}},"fnMap":{"0":{"name":"(anonymous_1)","decl":{"start":{"line":26,"column":7},"end":{"line":26,"column":8}},"loc":{"start":{"line":26,"column":25},"end":{"line":26,"column":35}}},"1":{"name":"(anonymous_2)","decl":{"start":{"line":27,"column":17},"end":{"line":27,"column":18}},"loc":{"start":{"line":27,"column":35},"end":{"line":27,"column":45}}},"2":{"name":"(anonymous_3)","decl":{"start":{"line":30,"column":12},"end":{"line":30,"column":13}},"loc":{"start":{"line":30,"column":30},"end":{"line":30,"column":40}}},"3":{"name":"Line","decl":{"start":{"line":43,"column":24},"end":{"line":43,"column":28}},"loc":{"start":{"line":43,"column":58},"end":{"line":61,"column":1}}}},"branchMap":{},"s":{"0":0,"1":0,"2":0,"3":0,"4":0,"5":0,"6":0,"7":0,"8":0,"9":0,"10":0,"11":0,"12":0,"13":0,"14":0,"15":0},"f":{"0":0,"1":0,"2":0,"3":0},"b":{}}
,"/Users/kevinkroon/Documents/projects/pcbcreator/src/components/Perfboard/Connection/Lines.tsx": {"path":"/Users/kevinkroon/Documents/projects/pcbcreator/src/components/Perfboard/Connection/Lines.tsx","statementMap":{"0":{"start":{"line":1,"column":0},"end":{"line":1,"column":44}},"1":{"start":{"line":2,"column":0},"end":{"line":2,"column":54}},"2":{"start":{"line":8,"column":0},"end":{"line":8,"column":42}},"3":{"start":{"line":10,"column":0},"end":{"line":10,"column":46}},"4":{"start":{"line":11,"column":0},"end":{"line":11,"column":77}},"5":{"start":{"line":22,"column":18},"end":{"line":37,"column":2}},"6":{"start":{"line":28,"column":30},"end":{"line":28,"column":null}},"7":{"start":{"line":29,"column":40},"end":{"line":29,"column":null}},"8":{"start":{"line":39,"column":38},"end":{"line":39,"column":40}},"9":{"start":{"line":39,"column":51},"end":{"line":39,"column":53}},"10":{"start":{"line":39,"column":58},"end":{"line":39,"column":60}},"11":{"start":{"line":39,"column":65},"end":{"line":39,"column":74}},"12":{"start":{"line":40,"column":2},"end":{"line":40,"column":23}},"13":{"start":{"line":41,"column":18},"end":{"line":41,"column":38}},"14":{"start":{"line":42,"column":19},"end":{"line":42,"column":32}},"15":{"start":{"line":53,"column":16},"end":{"line":65,"column":null}},"16":{"start":{"line":55,"column":30},"end":{"line":55,"column":68}},"17":{"start":{"line":57,"column":22},"end":{"line":63,"column":10}},"18":{"start":{"line":58,"column":24},"end":{"line":58,"column":55}},"19":{"start":{"line":59,"column":22},"end":{"line":59,"column":42}},"20":{"start":{"line":60,"column":24},"end":{"line":60,"column":40}},"21":{"start":{"line":62,"column":10},"end":{"line":62,"column":39}},"22":{"start":{"line":64,"column":8},"end":{"line":64,"column":21}},"23":{"start":{"line":82,"column":23},"end":{"line":126,"column":3}},"24":{"start":{"line":86,"column":31},"end":{"line":86,"column":70}},"25":{"start":{"line":87,"column":31},"end":{"line":87,"column":61}},"26":{"start":{"line":118,"column":4},"end":{"line":125,"column":6}},"27":{"start":{"line":127,"column":2},"end":{"line":133,"column":4}},"28":{"start":{"line":129,"column":30},"end":{"line":131,"column":8}},"29":{"start":{"line":130,"column":55},"end":{"line":130,"column":80}},"30":{"start":{"line":39,"column":0},"end":{"line":39,"column":24}}},"fnMap":{"0":{"name":"(anonymous_1)","decl":{"start":{"line":28,"column":7},"end":{"line":28,"column":8}},"loc":{"start":{"line":28,"column":25},"end":{"line":28,"column":35}}},"1":{"name":"(anonymous_2)","decl":{"start":{"line":29,"column":17},"end":{"line":29,"column":18}},"loc":{"start":{"line":29,"column":35},"end":{"line":29,"column":45}}},"2":{"name":"Lines","decl":{"start":{"line":39,"column":24},"end":{"line":39,"column":29}},"loc":{"start":{"line":39,"column":74},"end":{"line":134,"column":1}}},"3":{"name":"(anonymous_4)","decl":{"start":{"line":55,"column":14},"end":{"line":55,"column":15}},"loc":{"start":{"line":55,"column":25},"end":{"line":55,"column":40}}},"4":{"name":"(anonymous_5)","decl":{"start":{"line":56,"column":11},"end":{"line":56,"column":12}},"loc":{"start":{"line":56,"column":25},"end":{"line":65,"column":7}}},"5":{"name":"(anonymous_6)","decl":{"start":{"line":57,"column":53},"end":{"line":57,"column":54}},"loc":{"start":{"line":57,"column":59},"end":{"line":63,"column":9}}},"6":{"name":"(anonymous_7)","decl":{"start":{"line":82,"column":23},"end":{"line":82,"column":24}},"loc":{"start":{"line":82,"column":85},"end":{"line":126,"column":3}}},"7":{"name":"(anonymous_8)","decl":{"start":{"line":129,"column":17},"end":{"line":129,"column":18}},"loc":{"start":{"line":129,"column":25},"end":{"line":129,"column":null}}},"8":{"name":"(anonymous_9)","decl":{"start":{"line":130,"column":48},"end":{"line":130,"column":49}},"loc":{"start":{"line":130,"column":50},"end":{"line":130,"column":67}}}},"branchMap":{},"s":{"0":0,"1":0,"2":0,"3":0,"4":0,"5":0,"6":0,"7":0,"8":0,"9":0,"10":0,"11":0,"12":0,"13":0,"14":0,"15":0,"16":0,"17":0,"18":0,"19":0,"20":0,"21":0,"22":0,"23":0,"24":0,"25":0,"26":0,"27":0,"28":0,"29":0,"30":0},"f":{"0":0,"1":0,"2":0,"3":0,"4":0,"5":0,"6":0,"7":0,"8":0},"b":{}}
,"/Users/kevinkroon/Documents/projects/pcbcreator/src/components/Perfboard/Connection/Points.tsx": {"path":"/Users/kevinkroon/Documents/projects/pcbcreator/src/components/Perfboard/Connection/Points.tsx","statementMap":{"0":{"start":{"line":1,"column":0},"end":{"line":1,"column":44}},"1":{"start":{"line":2,"column":0},"end":{"line":2,"column":55}},"2":{"start":{"line":3,"column":0},"end":{"line":3,"column":54}},"3":{"start":{"line":4,"column":0},"end":{"line":4,"column":75}},"4":{"start":{"line":5,"column":0},"end":{"line":5,"column":78}},"5":{"start":{"line":8,"column":0},"end":{"line":8,"column":78}},"6":{"start":{"line":14,"column":18},"end":{"line":34,"column":2}},"7":{"start":{"line":20,"column":30},"end":{"line":20,"column":null}},"8":{"start":{"line":21,"column":40},"end":{"line":21,"column":null}},"9":{"start":{"line":37,"column":2},"end":{"line":37,"column":24}},"10":{"start":{"line":38,"column":16},"end":{"line":38,"column":37}},"11":{"start":{"line":39,"column":18},"end":{"line":39,"column":38}},"12":{"start":{"line":40,"column":22},"end":{"line":40,"column":49}},"13":{"start":{"line":41,"column":17},"end":{"line":41,"column":39}},"14":{"start":{"line":42,"column":19},"end":{"line":42,"column":32}},"15":{"start":{"line":43,"column":23},"end":{"line":47,"column":3}},"16":{"start":{"line":44,"column":4},"end":{"line":44,"column":32}},"17":{"start":{"line":45,"column":4},"end":{"line":45,"column":34}},"18":{"start":{"line":46,"column":4},"end":{"line":46,"column":49}},"19":{"start":{"line":48,"column":2},"end":{"line":67,"column":4}},"20":{"start":{"line":53,"column":27},"end":{"line":53,"column":67}},"21":{"start":{"line":53,"column":19},"end":{"line":53,"column":21}},"22":{"start":{"line":53,"column":22},"end":{"line":53,"column":27}},"23":{"start":{"line":54,"column":10},"end":{"line":64,"column":12}},"24":{"start":{"line":62,"column":30},"end":{"line":62,"column":null}},"25":{"start":{"line":36,"column":0},"end":{"line":36,"column":24}}},"fnMap":{"0":{"name":"(anonymous_1)","decl":{"start":{"line":20,"column":7},"end":{"line":20,"column":8}},"loc":{"start":{"line":20,"column":25},"end":{"line":20,"column":35}}},"1":{"name":"(anonymous_2)","decl":{"start":{"line":21,"column":17},"end":{"line":21,"column":18}},"loc":{"start":{"line":21,"column":35},"end":{"line":21,"column":45}}},"2":{"name":"Points","decl":{"start":{"line":36,"column":24},"end":{"line":36,"column":30}},"loc":{"start":{"line":36,"column":30},"end":{"line":68,"column":1}}},"3":{"name":"(anonymous_4)","decl":{"start":{"line":43,"column":23},"end":{"line":43,"column":24}},"loc":{"start":{"line":43,"column":37},"end":{"line":47,"column":3}}},"4":{"name":"(anonymous_5)","decl":{"start":{"line":52,"column":13},"end":{"line":52,"column":14}},"loc":{"start":{"line":52,"column":27},"end":{"line":65,"column":9}}},"5":{"name":"(anonymous_6)","decl":{"start":{"line":62,"column":23},"end":{"line":62,"column":24}},"loc":{"start":{"line":62,"column":25},"end":{"line":62,"column":42}}}},"branchMap":{"0":{"loc":{"start":{"line":60,"column":61},"end":{"line":60,"column":69}},"type":"cond-expr","locations":[{"start":{"line":60,"column":61},"end":{"line":60,"column":69}},{"start":{"line":60,"column":72},"end":{"line":60,"column":88}}]}},"s":{"0":0,"1":0,"2":0,"3":0,"4":0,"5":0,"6":0,"7":0,"8":0,"9":0,"10":0,"11":0,"12":0,"13":0,"14":0,"15":0,"16":0,"17":0,"18":0,"19":0,"20":0,"21":0,"22":0,"23":0,"24":0,"25":0},"f":{"0":0,"1":0,"2":0,"3":0,"4":0,"5":0},"b":{"0":[0,0]}}
,"/Users/kevinkroon/Documents/projects/pcbcreator/src/components/SideBar/SideBar.tsx": {"path":"/Users/kevinkroon/Documents/projects/pcbcreator/src/components/SideBar/SideBar.tsx","statementMap":{"0":{"start":{"line":1,"column":0},"end":{"line":1,"column":44}},"1":{"start":{"line":2,"column":0},"end":{"line":2,"column":42}},"2":{"start":{"line":3,"column":0},"end":{"line":3,"column":61}},"3":{"start":{"line":4,"column":0},"end":{"line":4,"column":57}},"4":{"start":{"line":5,"column":0},"end":{"line":5,"column":44}},"5":{"start":{"line":6,"column":0},"end":{"line":6,"column":48}},"6":{"start":{"line":9,"column":0},"end":{"line":9,"column":68}},"7":{"start":{"line":11,"column":0},"end":{"line":11,"column":63}},"8":{"start":{"line":12,"column":0},"end":{"line":12,"column":83}},"9":{"start":{"line":16,"column":0},"end":{"line":16,"column":38}},"10":{"start":{"line":18,"column":86},"end":{"line":22,"column":2}},"11":{"start":{"line":24,"column":18},"end":{"line":30,"column":null}},"12":{"start":{"line":25,"column":2},"end":{"line":30,"column":null}},"13":{"start":{"line":34,"column":18},"end":{"line":34,"column":29}},"14":{"start":{"line":35,"column":19},"end":{"line":35,"column":32}},"15":{"start":{"line":38,"column":4},"end":{"line":38,"column":34}},"16":{"start":{"line":39,"column":4},"end":{"line":44,"column":null}},"17":{"start":{"line":40,"column":6},"end":{"line":40,"column":39}},"18":{"start":{"line":41,"column":6},"end":{"line":41,"column":62}},"19":{"start":{"line":42,"column":6},"end":{"line":42,"column":68}},"20":{"start":{"line":43,"column":6},"end":{"line":43,"column":39}},"21":{"start":{"line":48,"column":4},"end":{"line":48,"column":36}},"22":{"start":{"line":49,"column":4},"end":{"line":49,"column":36}},"23":{"start":{"line":53,"column":4},"end":{"line":53,"column":36}},"24":{"start":{"line":54,"column":4},"end":{"line":54,"column":57}},"25":{"start":{"line":55,"column":4},"end":{"line":55,"column":63}},"26":{"start":{"line":56,"column":4},"end":{"line":56,"column":35}},"27":{"start":{"line":59,"column":2},"end":{"line":71,"column":4}},"28":{"start":{"line":62,"column":8},"end":{"line":62,"column":41}},"29":{"start":{"line":62,"column":29},"end":{"line":62,"column":41}},"30":{"start":{"line":63,"column":8},"end":{"line":68,"column":10}},"31":{"start":{"line":65,"column":57},"end":{"line":65,"column":81}},"32":{"start":{"line":33,"column":0},"end":{"line":33,"column":24}}},"fnMap":{"0":{"name":"(anonymous_1)","decl":{"start":{"line":24,"column":29},"end":{"line":24,"column":30}},"loc":{"start":{"line":24,"column":42},"end":{"line":25,"column":14}}},"1":{"name":"SideBar","decl":{"start":{"line":33,"column":24},"end":{"line":33,"column":31}},"loc":{"start":{"line":33,"column":31},"end":{"line":72,"column":1}}},"2":{"name":"handleKeyPress","decl":{"start":{"line":37,"column":11},"end":{"line":37,"column":25}},"loc":{"start":{"line":37,"column":42},"end":{"line":45,"column":3}}},"3":{"name":"endCurrentAction","decl":{"start":{"line":47,"column":11},"end":{"line":47,"column":27}},"loc":{"start":{"line":47,"column":45},"end":{"line":50,"column":3}}},"4":{"name":"handleToolChange","decl":{"start":{"line":52,"column":11},"end":{"line":52,"column":27}},"loc":{"start":{"line":52,"column":38},"end":{"line":57,"column":3}}},"5":{"name":"(anonymous_6)","decl":{"start":{"line":61,"column":17},"end":{"line":61,"column":18}},"loc":{"start":{"line":61,"column":30},"end":{"line":69,"column":7}}},"6":{"name":"(anonymous_7)","decl":{"start":{"line":65,"column":51},"end":{"line":65,"column":57}},"loc":{"start":{"line":65,"column":51},"end":{"line":65,"column":73}}}},"branchMap":{"0":{"loc":{"start":{"line":39,"column":4},"end":{"line":44,"column":null}},"type":"if","locations":[{"start":{"line":39,"column":4},"end":{"line":44,"column":null}},{"start":{"line":39,"column":4},"end":{"line":44,"column":null}}]},"1":{"loc":{"start":{"line":62,"column":8},"end":{"line":62,"column":41}},"type":"if","locations":[{"start":{"line":62,"column":8},"end":{"line":62,"column":41}},{"start":{"line":62,"column":8},"end":{"line":62,"column":41}}]},"2":{"loc":{"start":{"line":66,"column":13},"end":{"line":66,"column":33}},"type":"binary-expr","locations":[{"start":{"line":66,"column":13},"end":{"line":66,"column":33}},{"start":{"line":66,"column":37},"end":{"line":66,"column":48}}]}},"s":{"0":0,"1":0,"2":0,"3":0,"4":0,"5":0,"6":0,"7":0,"8":0,"9":0,"10":0,"11":0,"12":0,"13":0,"14":0,"15":0,"16":0,"17":0,"18":0,"19":0,"20":0,"21":0,"22":0,"23":0,"24":0,"25":0,"26":0,"27":0,"28":0,"29":0,"30":0,"31":0,"32":0},"f":{"0":0,"1":0,"2":0,"3":0,"4":0,"5":0,"6":0},"b":{"0":[0,0],"1":[0,0],"2":[0,0]}}
,"/Users/kevinkroon/Documents/projects/pcbcreator/src/components/SideBar/ToolButton.tsx": {"path":"/Users/kevinkroon/Documents/projects/pcbcreator/src/components/SideBar/ToolButton.tsx","statementMap":{"0":{"start":{"line":1,"column":0},"end":{"line":1,"column":44}},"1":{"start":{"line":2,"column":0},"end":{"line":2,"column":24}},"2":{"start":{"line":4,"column":0},"end":{"line":4,"column":89}},"3":{"start":{"line":5,"column":0},"end":{"line":5,"column":42}},"4":{"start":{"line":6,"column":0},"end":{"line":6,"column":68}},"5":{"start":{"line":7,"column":0},"end":{"line":7,"column":43}},"6":{"start":{"line":10,"column":18},"end":{"line":20,"column":null}},"7":{"start":{"line":11,"column":2},"end":{"line":20,"column":null}},"8":{"start":{"line":30,"column":42},"end":{"line":30,"column":44}},"9":{"start":{"line":30,"column":48},"end":{"line":30,"column":50}},"10":{"start":{"line":30,"column":61},"end":{"line":30,"column":63}},"11":{"start":{"line":30,"column":75},"end":{"line":30,"column":84}},"12":{"start":{"line":31,"column":24},"end":{"line":31,"column":61}},"13":{"start":{"line":32,"column":18},"end":{"line":32,"column":29}},"14":{"start":{"line":33,"column":2},"end":{"line":45,"column":4}},"15":{"start":{"line":30,"column":0},"end":{"line":30,"column":24}}},"fnMap":{"0":{"name":"(anonymous_1)","decl":{"start":{"line":10,"column":29},"end":{"line":10,"column":30}},"loc":{"start":{"line":10,"column":35},"end":{"line":11,"column":14}}},"1":{"name":"ToolButton","decl":{"start":{"line":30,"column":24},"end":{"line":30,"column":34}},"loc":{"start":{"line":30,"column":84},"end":{"line":46,"column":1}}}},"branchMap":{"0":{"loc":{"start":{"line":34,"column":25},"end":{"line":34,"column":36}},"type":"binary-expr","locations":[{"start":{"line":34,"column":25},"end":{"line":34,"column":36}},{"start":{"line":34,"column":40},"end":{"line":34,"column":45}}]}},"s":{"0":0,"1":0,"2":0,"3":0,"4":0,"5":0,"6":0,"7":0,"8":0,"9":0,"10":0,"11":0,"12":0,"13":0,"14":0,"15":0},"f":{"0":0,"1":0},"b":{"0":[0,0]}}
,"/Users/kevinkroon/Documents/projects/pcbcreator/src/components/TopBar/TopBar.tsx": {"path":"/Users/kevinkroon/Documents/projects/pcbcreator/src/components/TopBar/TopBar.tsx","statementMap":{"0":{"start":{"line":1,"column":0},"end":{"line":1,"column":44}},"1":{"start":{"line":2,"column":0},"end":{"line":2,"column":58}},"2":{"start":{"line":3,"column":0},"end":{"line":3,"column":61}},"3":{"start":{"line":4,"column":0},"end":{"line":4,"column":61}},"4":{"start":{"line":5,"column":0},"end":{"line":5,"column":46}},"5":{"start":{"line":6,"column":0},"end":{"line":6,"column":48}},"6":{"start":{"line":7,"column":0},"end":{"line":7,"column":54}},"7":{"start":{"line":8,"column":0},"end":{"line":8,"column":54}},"8":{"start":{"line":9,"column":0},"end":{"line":9,"column":46}},"9":{"start":{"line":10,"column":0},"end":{"line":10,"column":24}},"10":{"start":{"line":11,"column":0},"end":{"line":11,"column":68}},"11":{"start":{"line":12,"column":0},"end":{"line":12,"column":43}},"12":{"start":{"line":14,"column":18},"end":{"line":39,"column":null}},"13":{"start":{"line":15,"column":2},"end":{"line":39,"column":null}},"14":{"start":{"line":43,"column":37},"end":{"line":43,"column":67}},"15":{"start":{"line":43,"column":22},"end":{"line":43,"column":24}},"16":{"start":{"line":43,"column":32},"end":{"line":43,"column":37}},"17":{"start":{"line":44,"column":22},"end":{"line":44,"column":45}},"18":{"start":{"line":45,"column":18},"end":{"line":45,"column":29}},"19":{"start":{"line":46,"column":2},"end":{"line":67,"column":4}},"20":{"start":{"line":57,"column":14},"end":{"line":57,"column":55}},"21":{"start":{"line":42,"column":0},"end":{"line":42,"column":24}}},"fnMap":{"0":{"name":"(anonymous_3)","decl":{"start":{"line":14,"column":29},"end":{"line":14,"column":30}},"loc":{"start":{"line":14,"column":35},"end":{"line":15,"column":14}}},"1":{"name":"TopBar","decl":{"start":{"line":42,"column":24},"end":{"line":42,"column":30}},"loc":{"start":{"line":42,"column":30},"end":{"line":68,"column":1}}},"2":{"name":"(anonymous_5)","decl":{"start":{"line":56,"column":21},"end":{"line":56,"column":null}},"loc":{"start":{"line":56,"column":21},"end":{"line":58,"column":13}}}},"branchMap":{"0":{"loc":{"start":{"line":53,"column":53},"end":{"line":53,"column":60}},"type":"cond-expr","locations":[{"start":{"line":53,"column":53},"end":{"line":53,"column":60}},{"start":{"line":53,"column":63},"end":{"line":53,"column":69}}]},"1":{"loc":{"start":{"line":57,"column":37},"end":{"line":57,"column":44}},"type":"cond-expr","locations":[{"start":{"line":57,"column":37},"end":{"line":57,"column":44}},{"start":{"line":57,"column":47},"end":{"line":57,"column":53}}]},"2":{"loc":{"start":{"line":60,"column":27},"end":{"line":60,"column":46}},"type":"cond-expr","locations":[{"start":{"line":60,"column":27},"end":{"line":60,"column":46}},{"start":{"line":60,"column":49},"end":{"line":60,"column":68}}]}},"s":{"0":0,"1":0,"2":0,"3":0,"4":0,"5":0,"6":0,"7":0,"8":0,"9":0,"10":0,"11":0,"12":0,"13":0,"14":0,"15":0,"16":0,"17":0,"18":0,"19":0,"20":0,"21":0},"f":{"0":0,"1":0,"2":0},"b":{"0":[0,0],"1":[0,0],"2":[0,0]}}
,"/Users/kevinkroon/Documents/projects/pcbcreator/src/redux/store.ts": {"path":"/Users/kevinkroon/Documents/projects/pcbcreator/src/redux/store.ts","statementMap":{"0":{"start":{"line":1,"column":0},"end":{"line":1,"column":53}},"1":{"start":{"line":2,"column":0},"end":{"line":2,"column":32}},"2":{"start":{"line":3,"column":0},"end":{"line":3,"column":37}},"3":{"start":{"line":5,"column":0},"end":{"line":5,"column":63}},"4":{"start":{"line":6,"column":19},"end":{"line":6,"column":26}},"5":{"start":{"line":7,"column":0},"end":{"line":7,"column":93}}},"fnMap":{},"branchMap":{},"s":{"0":0,"1":0,"2":0,"3":0,"4":0,"5":0},"f":{},"b":{}}
,"/Users/kevinkroon/Documents/projects/pcbcreator/src/redux/reducers/actions.ts": {"path":"/Users/kevinkroon/Documents/projects/pcbcreator/src/redux/reducers/actions.ts","statementMap":{"0":{"start":{"line":6,"column":0},"end":{"line":6,"column":null}},"1":{"start":{"line":15,"column":0},"end":{"line":15,"column":48}},"2":{"start":{"line":17,"column":0},"end":{"line":17,"column":39}},"3":{"start":{"line":34,"column":13},"end":{"line":70,"column":2}},"4":{"start":{"line":34,"column":70},"end":{"line":70,"column":2}},"5":{"start":{"line":35,"column":16},"end":{"line":35,"column":26}},"6":{"start":{"line":36,"column":26},"end":{"line":36,"column":36}},"7":{"start":{"line":38,"column":2},"end":{"line":68,"column":null}},"8":{"start":{"line":38,"column":30},"end":{"line":38,"column":37}},"9":{"start":{"line":40,"column":4},"end":{"line":40,"column":49}},"10":{"start":{"line":41,"column":29},"end":{"line":41,"column":39}},"11":{"start":{"line":43,"column":4},"end":{"line":67,"column":null}},"12":{"start":{"line":43,"column":32},"end":{"line":43,"column":39}},"13":{"start":{"line":45,"column":6},"end":{"line":66,"column":null}},"14":{"start":{"line":48,"column":10},"end":{"line":51,"column":null}},"15":{"start":{"line":49,"column":12},"end":{"line":49,"column":49}},"16":{"start":{"line":50,"column":12},"end":{"line":50,"column":57}},"17":{"start":{"line":53,"column":10},"end":{"line":59,"column":null}},"18":{"start":{"line":54,"column":43},"end":{"line":54,"column":52}},"19":{"start":{"line":54,"column":32},"end":{"line":54,"column":34}},"20":{"start":{"line":54,"column":38},"end":{"line":54,"column":43}},"21":{"start":{"line":55,"column":36},"end":{"line":55,"column":79}},"22":{"start":{"line":56,"column":12},"end":{"line":56,"column":86}},"23":{"start":{"line":57,"column":12},"end":{"line":57,"column":45}},"24":{"start":{"line":58,"column":12},"end":{"line":58,"column":19}},"25":{"start":{"line":60,"column":10},"end":{"line":60,"column":16}},"26":{"start":{"line":63,"column":10},"end":{"line":63,"column":32}},"27":{"start":{"line":64,"column":10},"end":{"line":64,"column":16}},"28":{"start":{"line":69,"column":2},"end":{"line":69,"column":26}},"29":{"start":{"line":72,"column":13},"end":{"line":104,"column":2}},"30":{"start":{"line":72,"column":75},"end":{"line":104,"column":2}},"31":{"start":{"line":73,"column":16},"end":{"line":73,"column":26}},"32":{"start":{"line":74,"column":26},"end":{"line":74,"column":36}},"33":{"start":{"line":76,"column":2},"end":{"line":103,"column":null}},"34":{"start":{"line":76,"column":30},"end":{"line":76,"column":37}},"35":{"start":{"line":78,"column":4},"end":{"line":78,"column":49}},"36":{"start":{"line":79,"column":29},"end":{"line":79,"column":39}},"37":{"start":{"line":81,"column":4},"end":{"line":101,"column":null}},"38":{"start":{"line":81,"column":32},"end":{"line":81,"column":39}},"39":{"start":{"line":83,"column":6},"end":{"line":100,"column":null}},"40":{"start":{"line":85,"column":10},"end":{"line":85,"column":36}},"41":{"start":{"line":87,"column":10},"end":{"line":92,"column":null}},"42":{"start":{"line":88,"column":12},"end":{"line":88,"column":49}},"43":{"start":{"line":89,"column":12},"end":{"line":89,"column":59}},"44":{"start":{"line":93,"column":10},"end":{"line":93,"column":43}},"45":{"start":{"line":94,"column":10},"end":{"line":94,"column":16}},"46":{"start":{"line":97,"column":10},"end":{"line":97,"column":32}},"47":{"start":{"line":98,"column":10},"end":{"line":98,"column":16}},"48":{"start":{"line":102,"column":4},"end":{"line":102,"column":28}},"49":{"start":{"line":106,"column":13},"end":{"line":181,"column":2}},"50":{"start":{"line":111,"column":18},"end":{"line":181,"column":2}},"51":{"start":{"line":111,"column":43},"end":{"line":181,"column":2}},"52":{"start":{"line":112,"column":8},"end":{"line":112,"column":27}},"53":{"start":{"line":113,"column":10},"end":{"line":113,"column":26}},"54":{"start":{"line":115,"column":2},"end":{"line":179,"column":null}},"55":{"start":{"line":115,"column":30},"end":{"line":115,"column":37}},"56":{"start":{"line":117,"column":4},"end":{"line":178,"column":null}},"57":{"start":{"line":119,"column":16},"end":{"line":119,"column":25}},"58":{"start":{"line":120,"column":14},"end":{"line":120,"column":52}},"59":{"start":{"line":121,"column":14},"end":{"line":121,"column":51}},"60":{"start":{"line":122,"column":14},"end":{"line":125,"column":10}},"61":{"start":{"line":126,"column":14},"end":{"line":129,"column":10}},"62":{"start":{"line":130,"column":8},"end":{"line":130,"column":26}},"63":{"start":{"line":131,"column":14},"end":{"line":138,"column":13}},"64":{"start":{"line":132,"column":10},"end":{"line":137,"column":null}},"65":{"start":{"line":132,"column":53},"end":{"line":132,"column":78}},"66":{"start":{"line":134,"column":33},"end":{"line":134,"column":77}},"67":{"start":{"line":135,"column":34},"end":{"line":135,"column":78}},"68":{"start":{"line":136,"column":12},"end":{"line":136,"column":80}},"69":{"start":{"line":139,"column":14},"end":{"line":146,"column":13}},"70":{"start":{"line":140,"column":10},"end":{"line":145,"column":null}},"71":{"start":{"line":140,"column":47},"end":{"line":140,"column":69}},"72":{"start":{"line":142,"column":30},"end":{"line":142,"column":68}},"73":{"start":{"line":143,"column":31},"end":{"line":143,"column":69}},"74":{"start":{"line":144,"column":12},"end":{"line":144,"column":74}},"75":{"start":{"line":147,"column":8},"end":{"line":147,"column":48}},"76":{"start":{"line":148,"column":8},"end":{"line":148,"column":54}},"77":{"start":{"line":149,"column":16},"end":{"line":149,"column":25}},"78":{"start":{"line":151,"column":14},"end":{"line":151,"column":63}},"79":{"start":{"line":152,"column":8},"end":{"line":152,"column":34}},"80":{"start":{"line":153,"column":8},"end":{"line":171,"column":null}},"81":{"start":{"line":154,"column":10},"end":{"line":170,"column":null}},"82":{"start":{"line":155,"column":12},"end":{"line":160,"column":14}},"83":{"start":{"line":161,"column":12},"end":{"line":161,"column":63}},"84":{"start":{"line":162,"column":12},"end":{"line":162,"column":76}},"85":{"start":{"line":167,"column":12},"end":{"line":169,"column":null}},"86":{"start":{"line":168,"column":14},"end":{"line":168,"column":80}},"87":{"start":{"line":172,"column":8},"end":{"line":172,"column":14}},"88":{"start":{"line":175,"column":8},"end":{"line":175,"column":30}},"89":{"start":{"line":176,"column":8},"end":{"line":176,"column":14}},"90":{"start":{"line":180,"column":2},"end":{"line":180,"column":26}}},"fnMap":{"0":{"name":"(anonymous_16)","decl":{"start":{"line":34,"column":38},"end":{"line":34,"column":39}},"loc":{"start":{"line":34,"column":52},"end":{"line":34,"column":71}}},"1":{"name":"(anonymous_17)","decl":{"start":{"line":34,"column":70},"end":{"line":34,"column":71}},"loc":{"start":{"line":34,"column":89},"end":{"line":70,"column":1}}},"2":{"name":"(anonymous_18)","decl":{"start":{"line":72,"column":43},"end":{"line":72,"column":44}},"loc":{"start":{"line":72,"column":57},"end":{"line":72,"column":76}}},"3":{"name":"(anonymous_19)","decl":{"start":{"line":72,"column":75},"end":{"line":72,"column":76}},"loc":{"start":{"line":72,"column":94},"end":{"line":104,"column":1}}},"4":{"name":"(anonymous_20)","decl":{"start":{"line":106,"column":42},"end":{"line":106,"column":null}},"loc":{"start":{"line":110,"column":29},"end":{"line":111,"column":25}}},"5":{"name":"(anonymous_21)","decl":{"start":{"line":111,"column":18},"end":{"line":111,"column":25}},"loc":{"start":{"line":111,"column":43},"end":{"line":181,"column":2}}},"6":{"name":"(anonymous_22)","decl":{"start":{"line":111,"column":43},"end":{"line":111,"column":null}},"loc":{"start":{"line":111,"column":43},"end":{"line":181,"column":2}}},"7":{"name":"(anonymous_24)","decl":{"start":{"line":131,"column":31},"end":{"line":131,"column":null}},"loc":{"start":{"line":131,"column":31},"end":{"line":138,"column":9}}},"8":{"name":"(anonymous_25)","decl":{"start":{"line":139,"column":28},"end":{"line":139,"column":null}},"loc":{"start":{"line":139,"column":28},"end":{"line":146,"column":9}}}},"branchMap":{"0":{"loc":{"start":{"line":38,"column":2},"end":{"line":68,"column":null}},"type":"if","locations":[{"start":{"line":38,"column":2},"end":{"line":68,"column":null}},{"start":{"line":38,"column":2},"end":{"line":68,"column":null}}]},"1":{"loc":{"start":{"line":43,"column":4},"end":{"line":67,"column":null}},"type":"if","locations":[{"start":{"line":43,"column":4},"end":{"line":67,"column":null}},{"start":{"line":43,"column":4},"end":{"line":67,"column":null}}]},"2":{"loc":{"start":{"line":46,"column":8},"end":{"line":61,"column":null}},"type":"switch","locations":[{"start":{"line":46,"column":8},"end":{"line":61,"column":null}},{"start":{"line":62,"column":8},"end":{"line":65,"column":null}}]},"3":{"loc":{"start":{"line":48,"column":10},"end":{"line":51,"column":null}},"type":"if","locations":[{"start":{"line":48,"column":10},"end":{"line":51,"column":null}},{"start":{"line":48,"column":10},"end":{"line":51,"column":null}}]},"4":{"loc":{"start":{"line":53,"column":10},"end":{"line":59,"column":null}},"type":"if","locations":[{"start":{"line":53,"column":10},"end":{"line":59,"column":null}},{"start":{"line":53,"column":10},"end":{"line":59,"column":null}}]},"5":{"loc":{"start":{"line":55,"column":60},"end":{"line":55,"column":74}},"type":"cond-expr","locations":[{"start":{"line":55,"column":60},"end":{"line":55,"column":74}},{"start":{"line":55,"column":77},"end":{"line":55,"column":79}}]},"6":{"loc":{"start":{"line":76,"column":2},"end":{"line":103,"column":null}},"type":"if","locations":[{"start":{"line":76,"column":2},"end":{"line":103,"column":null}},{"start":{"line":76,"column":2},"end":{"line":103,"column":null}}]},"7":{"loc":{"start":{"line":81,"column":4},"end":{"line":101,"column":null}},"type":"if","locations":[{"start":{"line":81,"column":4},"end":{"line":101,"column":null}},{"start":{"line":81,"column":4},"end":{"line":101,"column":null}}]},"8":{"loc":{"start":{"line":84,"column":8},"end":{"line":95,"column":null}},"type":"switch","locations":[{"start":{"line":84,"column":8},"end":{"line":95,"column":null}},{"start":{"line":96,"column":8},"end":{"line":99,"column":null}}]},"9":{"loc":{"start":{"line":87,"column":10},"end":{"line":92,"column":null}},"type":"if","locations":[{"start":{"line":87,"column":10},"end":{"line":92,"column":null}},{"start":{"line":87,"column":10},"end":{"line":92,"column":null}}]},"10":{"loc":{"start":{"line":115,"column":2},"end":{"line":179,"column":null}},"type":"if","locations":[{"start":{"line":115,"column":2},"end":{"line":179,"column":null}},{"start":{"line":115,"column":2},"end":{"line":179,"column":null}}]},"11":{"loc":{"start":{"line":118,"column":6},"end":{"line":173,"column":null}},"type":"switch","locations":[{"start":{"line":118,"column":6},"end":{"line":173,"column":null}},{"start":{"line":174,"column":6},"end":{"line":177,"column":null}}]},"12":{"loc":{"start":{"line":132,"column":10},"end":{"line":137,"column":null}},"type":"if","locations":[{"start":{"line":132,"column":10},"end":{"line":137,"column":null}},{"start":{"line":132,"column":10},"end":{"line":137,"column":null}}]},"13":{"loc":{"start":{"line":140,"column":10},"end":{"line":145,"column":null}},"type":"if","locations":[{"start":{"line":140,"column":10},"end":{"line":145,"column":null}},{"start":{"line":140,"column":10},"end":{"line":145,"column":null}}]},"14":{"loc":{"start":{"line":153,"column":8},"end":{"line":171,"column":null}},"type":"if","locations":[{"start":{"line":153,"column":8},"end":{"line":171,"column":null}},{"start":{"line":153,"column":8},"end":{"line":171,"column":null}}]},"15":{"loc":{"start":{"line":153,"column":12},"end":{"line":153,"column":39}},"type":"binary-expr","locations":[{"start":{"line":153,"column":12},"end":{"line":153,"column":39}},{"start":{"line":153,"column":43},"end":{"line":153,"column":68}}]},"16":{"loc":{"start":{"line":154,"column":10},"end":{"line":170,"column":null}},"type":"if","locations":[{"start":{"line":154,"column":10},"end":{"line":170,"column":null}},{"start":{"line":154,"column":10},"end":{"line":170,"column":null}}]},"17":{"loc":{"start":{"line":167,"column":12},"end":{"line":169,"column":null}},"type":"if","locations":[{"start":{"line":167,"column":12},"end":{"line":169,"column":null}},{"start":{"line":167,"column":12},"end":{"line":169,"column":null}}]}},"s":{"0":0,"1":0,"2":0,"3":0,"4":0,"5":0,"6":0,"7":0,"8":0,"9":0,"10":0,"11
[...]
,"/Users/kevinkroon/Documents/projects/pcbcreator/src/redux/reducers/Project/CONSTANTS.ts": {"path":"/Users/kevinkroon/Documents/projects/pcbcreator/src/redux/reducers/Project/CONSTANTS.ts","statementMap":{"0":{"start":{"line":4,"column":13},"end":{"line":15,"column":2}},"1":{"start":{"line":17,"column":13},"end":{"line":17,"column":54}}},"fnMap":{},"branchMap":{},"s":{"0":0,"1":0},"f":{},"b":{}}
,"/Users/kevinkroon/Documents/projects/pcbcreator/src/redux/reducers/Project/actionTypes.ts": {"path":"/Users/kevinkroon/Documents/projects/pcbcreator/src/redux/reducers/Project/actionTypes.ts","statementMap":{"0":{"start":{"line":4,"column":13},"end":{"line":4,"column":47}},"1":{"start":{"line":11,"column":13},"end":{"line":11,"column":61}},"2":{"start":{"line":20,"column":13},"end":{"line":20,"column":57}},"3":{"start":{"line":26,"column":13},"end":{"line":26,"column":63}},"4":{"start":{"line":33,"column":13},"end":{"line":33,"column":47}},"5":{"start":{"line":40,"column":13},"end":{"line":40,"column":53}},"6":{"start":{"line":46,"column":13},"end":{"line":46,"column":53}},"7":{"start":{"line":51,"column":13},"end":{"line":51,"column":35}},"8":{"start":{"line":57,"column":13},"end":{"line":57,"column":25}},"9":{"start":{"line":63,"column":13},"end":{"line":63,"column":53}},"10":{"start":{"line":72,"column":13},"end":{"line":72,"column":37}},"11":{"start":{"line":78,"column":13},"end":{"line":78,"column":37}}},"fnMap":{},"branchMap":{},"s":{"0":0,"1":0,"2":0,"3":0,"4":0,"5":0,"6":0,"7":0,"8":0,"9":0,"10":0,"11":0},"f":{},"b":{}}
,"/Users/kevinkroon/Documents/projects/pcbcreator/src/redux/reducers/Project/actions.ts": {"path":"/Users/kevinkroon/Documents/projects/pcbcreator/src/redux/reducers/Project/actions.ts","statementMap":{"0":{"start":{"line":1,"column":0},"end":{"line":1,"column":null}},"1":{"start":{"line":21,"column":0},"end":{"line":21,"column":86}},"2":{"start":{"line":23,"column":13},"end":{"line":32,"column":3}},"3":{"start":{"line":27,"column":26},"end":{"line":32,"column":3}},"4":{"start":{"line":34,"column":13},"end":{"line":45,"column":3}},"5":{"start":{"line":39,"column":32},"end":{"line":45,"column":3}},"6":{"start":{"line":46,"column":13},"end":{"line":53,"column":3}},"7":{"start":{"line":49,"column":30},"end":{"line":53,"column":3}},"8":{"start":{"line":54,"column":13},"end":{"line":61,"column":3}},"9":{"start":{"line":57,"column":33},"end":{"line":61,"column":3}},"10":{"start":{"line":63,"column":13},"end":{"line":66,"column":3}},"11":{"start":{"line":63,"column":78},"end":{"line":66,"column":3}},"12":{"start":{"line":67,"column":13},"end":{"line":82,"column":2}},"13":{"start":{"line":71,"column":2},"end":{"line":71,"column":69}},"14":{"start":{"line":72,"column":2},"end":{"line":76,"column":23}},"15":{"start":{"line":77,"column":2},"end":{"line":81,"column":4}},"16":{"start":{"line":84,"column":13},"end":{"line":94,"column":2}},"17":{"start":{"line":88,"column":2},"end":{"line":88,"column":69}},"18":{"start":{"line":89,"column":2},"end":{"line":93,"column":4}},"19":{"start":{"line":96,"column":13},"end":{"line":107,"column":3}},"20":{"start":{"line":101,"column":29},"end":{"line":107,"column":3}},"21":{"start":{"line":109,"column":13},"end":{"line":112,"column":3}},"22":{"start":{"line":109,"column":49},"end":{"line":112,"column":3}}},"fnMap":{"0":{"name":"(anonymous_0)","decl":{"start":{"line":23,"column":29},"end":{"line":23,"column":null}},"loc":{"start":{"line":26,"column":14},"end":{"line":27,"column":27}}},"1":{"name":"(anonymous_1)","decl":{"start":{"line":34,"column":35},"end":{"line":34,"column":null}},"loc":{"start":{"line":38,"column":28},"end":{"line":39,"column":33}}},"2":{"name":"(anonymous_2)","decl":{"start":{"line":46,"column":33},"end":{"line":46,"column":null}},"loc":{"start":{"line":48,"column":20},"end":{"line":49,"column":31}}},"3":{"name":"(anonymous_3)","decl":{"start":{"line":54,"column":36},"end":{"line":54,"column":null}},"loc":{"start":{"line":56,"column":23},"end":{"line":57,"column":34}}},"4":{"name":"(anonymous_4)","decl":{"start":{"line":63,"column":32},"end":{"line":63,"column":33}},"loc":{"start":{"line":63,"column":49},"end":{"line":63,"column":79}}},"5":{"name":"(anonymous_5)","decl":{"start":{"line":67,"column":29},"end":{"line":67,"column":null}},"loc":{"start":{"line":69,"column":38},"end":{"line":82,"column":1}}},"6":{"name":"(anonymous_6)","decl":{"start":{"line":84,"column":31},"end":{"line":84,"column":null}},"loc":{"start":{"line":86,"column":21},"end":{"line":94,"column":1}}},"7":{"name":"(anonymous_7)","decl":{"start":{"line":96,"column":32},"end":{"line":96,"column":null}},"loc":{"start":{"line":100,"column":13},"end":{"line":101,"column":30}}},"8":{"name":"(anonymous_8)","decl":{"start":{"line":109,"column":19},"end":{"line":109,"column":20}},"loc":{"start":{"line":109,"column":33},"end":{"line":109,"column":50}}}},"branchMap":{"0":{"loc":{"start":{"line":71,"column":43},"end":{"line":71,"column":53}},"type":"cond-expr","locations":[{"start":{"line":71,"column":43},"end":{"line":71,"column":53}},{"start":{"line":71,"column":56},"end":{"line":71,"column":68}}]},"1":{"loc":{"start":{"line":73,"column":6},"end":{"line":73,"column":22}},"type":"cond-expr","locations":[{"start":{"line":73,"column":6},"end":{"line":73,"column":22}},{"start":{"line":74,"column":6},"end":{"line":76,"column":22}}]},"2":{"loc":{"start":{"line":75,"column":6},"end":{"line":75,"column":24}},"type":"cond-expr","locations":[{"start":{"line":75,"column":6},"end":{"line":75,"column":24}},{"start":{"line":76,"column":6},"end":{"line":76,"column":22}}]},"3":{"loc":{"start":{"line":88,"column":43},"end":{"line":88,"column":53}},"type":"cond-expr","locations":[{"start":{"line":88,"column":43},"end":{"line":88,"column":53}},{"start":{"line":88,"column":56},"end":{"line":88,"column":68}}]}},"s":{"0":0,"1":0,"2":0,"3":0,"4":0,"5":0,"6":0,"7":0,"8":0,"9":0,"10":0,"11":0,"12":0,"13":0,"14":0,"15":0,"16":0,"17":0,"18":0,"19":0,"20":0,"21":0,"22":0},"f":{"0":0,"1":0,"2":0,"3":0,"4":0,"5":0,"6":0,"7":0,"8":0},"b":{"0":[0,0],"1":[0,0],"2":[0,0],"3":[0,0]}}
,"/Users/kevinkroon/Documents/projects/pcbcreator/src/redux/reducers/Project/initialState.ts": {"path":"/Users/kevinkroon/Documents/projects/pcbcreator/src/redux/reducers/Project/initialState.ts","statementMap":{"0":{"start":{"line":4,"column":0},"end":{"line":4,"column":57}},"1":{"start":{"line":20,"column":28},"end":{"line":51,"column":4}},"2":{"start":{"line":21,"column":18},"end":{"line":21,"column":20}},"3":{"start":{"line":22,"column":15},"end":{"line":22,"column":16}},"4":{"start":{"line":23,"column":23},"end":{"line":23,"column":27}},"5":{"start":{"line":24,"column":20},"end":{"line":24,"column":23}},"6":{"start":{"line":26,"column":21},"end":{"line":33,"column":4}},"7":{"start":{"line":35,"column":23},"end":{"line":35,"column":32}},"8":{"start":{"line":36,"column":28},"end":{"line":36,"column":34}},"9":{"start":{"line":37,"column":30},"end":{"line":37,"column":38}},"10":{"start":{"line":38,"column":35},"end":{"line":38,"column":37}},"11":{"start":{"line":40,"column":2},"end":{"line":50,"column":4}},"12":{"start":{"line":53,"column":0},"end":{"line":53,"column":28}}},"fnMap":{"0":{"name":"(anonymous_1)","decl":{"start":{"line":20,"column":29},"end":{"line":20,"column":null}},"loc":{"start":{"line":20,"column":29},"end":{"line":51,"column":1}}}},"branchMap":{},"s":{"0":0,"1":0,"2":0,"3":0,"4":0,"5":0,"6":0,"7":0,"8":0,"9":0,"10":0,"11":0,"12":0},"f":{"0":0},"b":{}}
,"/Users/kevinkroon/Documents/projects/pcbcreator/src/redux/reducers/Project/reducer.ts": {"path":"/Users/kevinkroon/Documents/projects/pcbcreator/src/redux/reducers/Project/reducer.ts","statementMap":{"0":{"start":{"line":1,"column":0},"end":{"line":1,"column":53}},"1":{"start":{"line":2,"column":0},"end":{"line":2,"column":null}},"2":{"start":{"line":38,"column":25},"end":{"line":38,"column":47}},"3":{"start":{"line":39,"column":2},"end":{"line":283,"column":null}},"4":{"start":{"line":41,"column":59},"end":{"line":41,"column":66}},"5":{"start":{"line":42,"column":6},"end":{"line":51,"column":null}},"6":{"start":{"line":56,"column":47},"end":{"line":56,"column":54}},"7":{"start":{"line":57,"column":25},"end":{"line":57,"column":43}},"8":{"start":{"line":58,"column":33},"end":{"line":68,"column":10}},"9":{"start":{"line":59,"column":51},"end":{"line":59,"column":53}},"10":{"start":{"line":60,"column":8},"end":{"line":66,"column":11}},"11":{"start":{"line":61,"column":10},"end":{"line":61,"column":49}},"12":{"start":{"line":62,"column":34},"end":{"line":64,"column":66}},"13":{"start":{"line":63,"column":51},"end":{"line":63,"column":58}},"14":{"start":{"line":64,"column":48},"end":{"line":64,"column":65}},"15":{"start":{"line":65,"column":10},"end":{"line":65,"column":91}},"16":{"start":{"line":67,"column":8},"end":{"line":67,"column":19}},"17":{"start":{"line":69,"column":6},"end":{"line":73,"column":null}},"18":{"start":{"line":282,"column":6},"end":{"line":282,"column":19}},"19":{"start":{"line":38,"column":0},"end":{"line":38,"column":25}}},"fnMap":{"0":{"name":"default_1","decl":{"start":{"line":38,"column":0},"end":{"line":38,"column":25}},"loc":{"start":{"line":38,"column":66},"end":{"line":284,"column":1}}},"1":{"name":"(anonymous_5)","decl":{"start":{"line":58,"column":34},"end":{"line":58,"column":null}},"loc":{"start":{"line":58,"column":34},"end":{"line":68,"column":7}}},"2":{"name":"(anonymous_6)","decl":{"start":{"line":60,"column":27},"end":{"line":60,"column":28}},"loc":{"start":{"line":60,"column":33},"end":{"line":66,"column":9}}},"3":{"name":"(anonymous_7)","decl":{"start":{"line":63,"column":39},"end":{"line":63,"column":40}},"loc":{"start":{"line":63,"column":46},"end":{"line":63,"column":57}}},"4":{"name":"(anonymous_8)","decl":{"start":{"line":64,"column":36},"end":{"line":64,"column":37}},"loc":{"start":{"line":64,"column":43},"end":{"line":64,"column":54}}}},"branchMap":{"0":{"loc":{"start":{"line":38,"column":25},"end":{"line":38,"column":47}},"type":"if","locations":[{"start":{"line":38,"column":25},"end":{"line":38,"column":47}},{"start":{"line":38,"column":25},"end":{"line":38,"column":47}}]},"1":{"loc":{"start":{"line":40,"column":4},"end":{"line":54,"column":null}},"type":"switch","locations":[{"start":{"line":40,"column":4},"end":{"line":54,"column":null}},{"start":{"line":55,"column":4},"end":{"line":76,"column":null}},{"start":{"line":281,"column":4},"end":{"line":282,"column":19}}]},"2":{"loc":{"start":{"line":50,"column":62},"end":{"line":50,"column":77}},"type":"cond-expr","locations":[{"start":{"line":50,"column":62},"end":{"line":50,"column":77}},{"start":{"line":50,"column":80},"end":{"line":50,"column":82}}]},"3":{"loc":{"start":{"line":63,"column":13},"end":{"line":63,"column":null}},"type":"cond-expr","locations":[{"start":{"line":63,"column":13},"end":{"line":63,"column":null}},{"start":{"line":64,"column":13},"end":{"line":64,"column":66}}]}},"s":{"0":0,"1":0,"2":0,"3":0,"4":0,"5":0,"6":0,"7":0,"8":0,"9":0,"10":0,"11":0,"12":0,"13":0,"14":0,"15":0,"16":0,"17":0,"18":0,"19":0},"f":{"0":0,"1":0,"2":0,"3":0,"4":0},"b":{"0":[0,0],"1":[0,0,0],"2":[0,0],"3":[0,0]}}
,"/Users/kevinkroon/Documents/projects/pcbcreator/src/redux/reducers/Project/selectors.ts": {"path":"/Users/kevinkroon/Documents/projects/pcbcreator/src/redux/reducers/Project/selectors.ts","statementMap":{"0":{"start":{"line":3,"column":13},"end":{"line":3,"column":76}},"1":{"start":{"line":3,"column":49},"end":{"line":3,"column":76}},"2":{"start":{"line":5,"column":13},"end":{"line":5,"column":74}},"3":{"start":{"line":5,"column":48},"end":{"line":5,"column":74}},"4":{"start":{"line":7,"column":13},"end":{"line":7,"column":74}},"5":{"start":{"line":7,"column":48},"end":{"line":7,"column":74}},"6":{"start":{"line":9,"column":13},"end":{"line":9,"column":73}},"7":{"start":{"line":9,"column":42},"end":{"line":9,"column":73}},"8":{"start":{"line":10,"column":13},"end":{"line":10,"column":75}},"9":{"start":{"line":10,"column":43},"end":{"line":10,"column":75}},"10":{"start":{"line":11,"column":13},"end":{"line":11,"column":76}},"11":{"start":{"line":11,"column":46},"end":{"line":11,"column":76}},"12":{"start":{"line":13,"column":13},"end":{"line":13,"column":66}},"13":{"start":{"line":13,"column":41},"end":{"line":13,"column":66}},"14":{"start":{"line":14,"column":13},"end":{"line":14,"column":77}},"15":{"start":{"line":14,"column":44},"end":{"line":14,"column":77}},"16":{"start":{"line":15,"column":13},"end":{"line":15,"column":71}},"17":{"start":{"line":15,"column":41},"end":{"line":15,"column":71}},"18":{"start":{"line":16,"column":13},"end":{"line":16,"column":73}},"19":{"start":{"line":16,"column":42},"end":{"line":16,"column":73}},"20":{"start":{"line":18,"column":13},"end":{"line":18,"column":75}},"21":{"start":{"line":18,"column":43},"end":{"line":18,"column":75}}},"fnMap":{"0":{"name":"(anonymous_0)","decl":{"start":{"line":3,"column":31},"end":{"line":3,"column":32}},"loc":{"start":{"line":3,"column":44},"end":{"line":3,"column":54}}},"1":{"name":"(anonymous_1)","decl":{"start":{"line":5,"column":30},"end":{"line":5,"column":31}},"loc":{"start":{"line":5,"column":43},"end":{"line":5,"column":53}}},"2":{"name":"(anonymous_2)","decl":{"start":{"line":7,"column":30},"end":{"line":7,"column":31}},"loc":{"start":{"line":7,"column":43},"end":{"line":7,"column":53}}},"3":{"name":"(anonymous_3)","decl":{"start":{"line":9,"column":24},"end":{"line":9,"column":25}},"loc":{"start":{"line":9,"column":37},"end":{"line":9,"column":47}}},"4":{"name":"(anonymous_4)","decl":{"start":{"line":10,"column":25},"end":{"line":10,"column":26}},"loc":{"start":{"line":10,"column":38},"end":{"line":10,"column":48}}},"5":{"name":"(anonymous_5)","decl":{"start":{"line":11,"column":28},"end":{"line":11,"column":29}},"loc":{"start":{"line":11,"column":41},"end":{"line":11,"column":51}}},"6":{"name":"(anonymous_6)","decl":{"start":{"line":13,"column":23},"end":{"line":13,"column":24}},"loc":{"start":{"line":13,"column":36},"end":{"line":13,"column":46}}},"7":{"name":"(anonymous_7)","decl":{"start":{"line":14,"column":26},"end":{"line":14,"column":27}},"loc":{"start":{"line":14,"column":39},"end":{"line":14,"column":49}}},"8":{"name":"(anonymous_8)","decl":{"start":{"line":15,"column":23},"end":{"line":15,"column":24}},"loc":{"start":{"line":15,"column":36},"end":{"line":15,"column":46}}},"9":{"name":"(anonymous_9)","decl":{"start":{"line":16,"column":24},"end":{"line":16,"column":25}},"loc":{"start":{"line":16,"column":37},"end":{"line":16,"column":47}}},"10":{"name":"(anonymous_10)","decl":{"start":{"line":18,"column":25},"end":{"line":18,"column":26}},"loc":{"start":{"line":18,"column":38},"end":{"line":18,"column":48}}}},"branchMap":{},"s":{"0":0,"1":0,"2":0,"3":0,"4":0,"5":0,"6":0,"7":0,"8":0,"9":0,"10":0,"11":0,"12":0,"13":0,"14":0,"15":0,"16":0,"17":0,"18":0,"19":0,"20":0,"21":0},"f":{"0":0,"1":0,"2":0,"3":0,"4":0,"5":0,"6":0,"7":0,"8":0,"9":0,"10":0},"b":{}}
,"/Users/kevinkroon/Documents/projects/pcbcreator/src/themes/ThemeProvider.tsx": {"path":"/Users/kevinkroon/Documents/projects/pcbcreator/src/themes/ThemeProvider.tsx","statementMap":{"0":{"start":{"line":1,"column":0},"end":{"line":1,"column":40}},"1":{"start":{"line":2,"column":0},"end":{"line":2,"column":53}},"2":{"start":{"line":3,"column":0},"end":{"line":3,"column":38}},"3":{"start":{"line":10,"column":35},"end":{"line":13,"column":null}},"4":{"start":{"line":14,"column":13},"end":{"line":14,"column":76}},"5":{"start":{"line":16,"column":32},"end":{"line":41,"column":1}},"6":{"start":{"line":18,"column":40},"end":{"line":18,"column":114}},"7":{"start":{"line":21,"column":39},"end":{"line":21,"column":65}},"8":{"start":{"line":21,"column":20},"end":{"line":21,"column":22}},"9":{"start":{"line":21,"column":35},"end":{"line":21,"column":39}},"10":{"start":{"line":24,"column":18},"end":{"line":24,"column":41}},"11":{"start":{"line":26,"column":21},"end":{"line":29,"column":5}},"12":{"start":{"line":27,"column":6},"end":{"line":27,"column":50}},"13":{"start":{"line":28,"column":6},"end":{"line":28,"column":31}},"14":{"start":{"line":31,"column":25},"end":{"line":34,"column":null}},"15":{"start":{"line":36,"column":4},"end":{"line":40,"column":6}},"16":{"start":{"line":43,"column":0},"end":{"line":43,"column":29}}},"fnMap":{"0":{"name":"(anonymous_6)","decl":{"start":{"line":12,"column":12},"end":{"line":12,"column":13}},"loc":{"start":{"line":12,"column":33},"end":{"line":12,"column":40}}},"1":{"name":"(anonymous_7)","decl":{"start":{"line":16,"column":32},"end":{"line":16,"column":33}},"loc":{"start":{"line":16,"column":38},"end":{"line":41,"column":1}}},"2":{"name":"(anonymous_8)","decl":{"start":{"line":26,"column":21},"end":{"line":26,"column":22}},"loc":{"start":{"line":26,"column":42},"end":{"line":29,"column":5}}}},"branchMap":{"0":{"loc":{"start":{"line":18,"column":40},"end":{"line":18,"column":85}},"type":"binary-expr","locations":[{"start":{"line":18,"column":40},"end":{"line":18,"column":85}},{"start":{"line":18,"column":89},"end":{"line":18,"column":114}}]}},"s":{"0":0,"1":0,"2":0,"3":0,"4":0,"5":0,"6":0,"7":0,"8":0,"9":0,"10":0,"11":0,"12":0,"13":0,"14":0,"15":0,"16":0},"f":{"0":0,"1":0,"2":0},"b":{"0":[0,0]}}
,"/Users/kevinkroon/Documents/projects/pcbcreator/src/themes/base.ts": {"path":"/Users/kevinkroon/Documents/projects/pcbcreator/src/themes/base.ts","statementMap":{"0":{"start":{"line":2,"column":0},"end":{"line":2,"column":32}},"1":{"start":{"line":3,"column":0},"end":{"line":3,"column":30}},"2":{"start":{"line":7,"column":2},"end":{"line":7,"column":26}},"3":{"start":{"line":6,"column":0},"end":{"line":6,"column":16}},"4":{"start":{"line":10,"column":49},"end":{"line":13,"column":2}}},"fnMap":{"0":{"name":"themeCreator","decl":{"start":{"line":6,"column":16},"end":{"line":6,"column":28}},"loc":{"start":{"line":6,"column":45},"end":{"line":8,"column":1}}}},"branchMap":{},"s":{"0":0,"1":0,"2":0,"3":0,"4":0},"f":{"0":0},"b":{}}
,"/Users/kevinkroon/Documents/projects/pcbcreator/src/themes/dark.ts": {"path":"/Users/kevinkroon/Documents/projects/pcbcreator/src/themes/dark.ts","statementMap":{"0":{"start":{"line":1,"column":0},"end":{"line":1,"column":51}},"1":{"start":{"line":3,"column":13},"end":{"line":10,"column":3}}},"fnMap":{},"branchMap":{},"s":{"0":0,"1":0},"f":{},"b":{}}
,"/Users/kevinkroon/Documents/projects/pcbcreator/src/themes/light.ts": {"path":"/Users/kevinkroon/Documents/projects/pcbcreator/src/themes/light.ts","statementMap":{"0":{"start":{"line":1,"column":0},"end":{"line":1,"column":51}},"1":{"start":{"line":3,"column":13},"end":{"line":10,"column":3}}},"fnMap":{},"branchMap":{},"s":{"0":0,"1":0},"f":{},"b":{}}
}
