TN:
SF:/Users/kevinkroon/Documents/projects/pcbcreator/src/App.tsx
FN:12,(anonymous_3)
FN:58,App
FN:64,rotateBox
FN:80,(anonymous_6)
FN:81,(anonymous_7)
FN:83,(anonymous_8)
FNF:6
FNH:0
FNDA:0,(anonymous_3)
FNDA:0,App
FNDA:0,rotateBox
FNDA:0,(anonymous_6)
FNDA:0,(anonymous_7)
FNDA:0,(anonymous_8)
DA:1,0
DA:2,0
DA:3,0
DA:4,0
DA:5,0
DA:6,0
DA:7,0
DA:8,0
DA:9,0
DA:12,0
DA:13,0
DA:59,0
DA:60,0
DA:62,0
DA:65,0
DA:66,0
DA:67,0
DA:69,0
DA:70,0
DA:73,0
DA:74,0
DA:80,0
DA:81,0
DA:82,0
DA:83,0
DA:84,0
DA:87,0
DA:113,0
LF:28
LH:0
BRDA:66,0,0,0
BRDA:66,0,1,0
BRDA:68,1,0,0
BRDA:68,1,1,0
BRF:4
BRH:0
end_of_record
TN:
SF:/Users/kevinkroon/Documents/projects/pcbcreator/src/AppStyles.ts
FN:5,(anonymous_2)
FNF:1
FNH:0
FNDA:0,(anonymous_2)
DA:1,0
DA:3,0
DA:5,0
DA:6,0
DA:121,0
LF:5
LH:0
BRF:0
BRH:0
end_of_record
TN:
SF:/Users/kevinkroon/Documents/projects/pcbcreator/src/sum.ts
FN:1,sum
FNF:1
FNH:1
FNDA:3,sum
DA:1,1
DA:2,3
LF:2
LH:2
BRF:0
BRH:0
end_of_record
TN:
SF:/Users/kevinkroon/Documents/projects/pcbcreator/src/components/BoxCreator.tsx
FN:13,(anonymous_1)
FN:15,(anonymous_2)
FN:16,(anonymous_3)
FN:29,(anonymous_4)
FN:30,(anonymous_5)
FN:32,(anonymous_6)
FN:48,(anonymous_7)
FN:51,(anonymous_8)
FN:54,(anonymous_9)
FN:56,(anonymous_10)
FN:57,(anonymous_11)
FN:60,(anonymous_12)
FN:62,(anonymous_13)
FN:63,(anonymous_14)
FN:66,(anonymous_15)
FN:68,(anonymous_16)
FN:70,(anonymous_17)
FN:71,(anonymous_18)
FN:74,(anonymous_19)
FN:76,(anonymous_20)
FN:78,(anonymous_21)
FN:79,(anonymous_22)
FN:82,(anonymous_23)
FN:84,(anonymous_24)
FN:86,(anonymous_25)
FN:87,(anonymous_26)
FN:90,(anonymous_27)
FN:92,(anonymous_28)
FN:94,(anonymous_29)
FN:95,(anonymous_30)
FN:98,(anonymous_31)
FN:101,(anonymous_32)
FN:104,(anonymous_33)
FN:107,(anonymous_34)
FN:110,(anonymous_35)
FN:113,(anonymous_36)
FN:136,(anonymous_37)
FNF:37
FNH:0
FNDA:0,(anonymous_1)
FNDA:0,(anonymous_2)
FNDA:0,(anonymous_3)
FNDA:0,(anonymous_4)
FNDA:0,(anonymous_5)
FNDA:0,(anonymous_6)
FNDA:0,(anonymous_7)
FNDA:0,(anonymous_8)
FNDA:0,(anonymous_9)
FNDA:0,(anonymous_10)
FNDA:0,(anonymous_11)
FNDA:0,(anonymous_12)
FNDA:0,(anonymous_13)
FNDA:0,(anonymous_14)
FNDA:0,(anonymous_15)
FNDA:0,(anonymous_16)
FNDA:0,(anonymous_17)
FNDA:0,(anonymous_18)
FNDA:0,(anonymous_19)
FNDA:0,(anonymous_20)
FNDA:0,(anonymous_21)
FNDA:0,(anonymous_22)
FNDA:0,(anonymous_23)
FNDA:0,(anonymous_24)
FNDA:0,(anonymous_25)
FNDA:0,(anonymous_26)
FNDA:0,(anonymous_27)
FNDA:0,(anonymous_28)
FNDA:0,(anonymous_29)
FNDA:0,(anonymous_30)
FNDA:0,(anonymous_31)
FNDA:0,(anonymous_32)
FNDA:0,(anonymous_33)
FNDA:0,(anonymous_34)
FNDA:0,(anonymous_35)
FNDA:0,(anonymous_36)
FNDA:0,(anonymous_37)
DA:1,0
DA:2,0
DA:3,0
DA:11,0
DA:13,0
DA:15,0
DA:16,0
DA:29,0
DA:30,0
DA:32,0
DA:48,0
DA:51,0
DA:54,0
DA:56,0
DA:57,0
DA:60,0
DA:62,0
DA:63,0
DA:66,0
DA:68,0
DA:70,0
DA:71,0
DA:74,0
DA:76,0
DA:78,0
DA:79,0
DA:82,0
DA:84,0
DA:86,0
DA:87,0
DA:90,0
DA:92,0
DA:94,0
DA:95,0
DA:98,0
DA:101,0
DA:104,0
DA:107,0
DA:110,0
DA:113,0
DA:135,0
DA:137,0
DA:138,0
DA:139,0
DA:140,0
DA:141,0
DA:143,0
DA:161,0
LF:48
LH:0
BRF:0
BRH:0
end_of_record
TN:
SF:/Users/kevinkroon/Documents/projects/pcbcreator/src/components/BrandTooltip.tsx
FN:11,BrandTooltip
FNF:1
FNH:0
FNDA:0,BrandTooltip
DA:1,0
DA:2,0
DA:3,0
DA:11,0
DA:12,0
LF:5
LH:0
BRDA:11,0,0,0
BRDA:11,0,1,0
BRF:2
BRH:0
end_of_record
TN:
SF:/Users/kevinkroon/Documents/projects/pcbcreator/src/components/ListSeparator.tsx
FN:20,ListSeparator
FNF:1
FNH:0
FNDA:0,ListSeparator
DA:1,0
DA:2,0
DA:4,0
DA:5,0
DA:13,0
DA:21,0
DA:23,0
DA:28,0
LF:8
LH:0
BRF:0
BRH:0
end_of_record
TN:
SF:/Users/kevinkroon/Documents/projects/pcbcreator/src/components/SwatchButton.tsx
FN:16,(anonymous_3)
FN:28,SwatchButton
FN:34,(anonymous_5)
FN:35,(anonymous_6)
FN:37,(anonymous_7)
FN:45,handleListKeyDown
FN:54,(anonymous_9)
FN:82,(anonymous_10)
FN:93,(anonymous_11)
FN:98,(anonymous_12)
FNF:10
FNH:0
FNDA:0,(anonymous_3)
FNDA:0,SwatchButton
FNDA:0,(anonymous_5)
FNDA:0,(anonymous_6)
FNDA:0,(anonymous_7)
FNDA:0,handleListKeyDown
FNDA:0,(anonymous_9)
FNDA:0,(anonymous_10)
FNDA:0,(anonymous_11)
FNDA:0,(anonymous_12)
DA:1,0
DA:2,0
DA:3,0
DA:4,0
DA:5,0
DA:6,0
DA:7,0
DA:8,0
DA:9,0
DA:10,0
DA:11,0
DA:12,0
DA:13,0
DA:14,0
DA:16,0
DA:17,0
DA:28,0
DA:29,0
DA:30,0
DA:31,0
DA:32,0
DA:33,0
DA:34,0
DA:35,0
DA:37,0
DA:38,0
DA:39,0
DA:42,0
DA:46,0
DA:47,0
DA:48,0
DA:53,0
DA:54,0
DA:55,0
DA:56,0
DA:59,0
DA:62,0
DA:82,0
DA:94,0
DA:99,0
DA:100,0
LF:41
LH:0
BRDA:38,0,0,0
BRDA:38,0,1,0
BRDA:38,1,0,0
BRDA:38,1,1,0
BRDA:46,2,0,0
BRDA:46,2,1,0
BRDA:55,3,0,0
BRDA:55,3,1,0
BRDA:55,4,0,0
BRDA:55,4,1,0
BRDA:68,5,0,0
BRDA:68,5,1,0
BRDA:94,6,0,0
BRDA:94,6,1,0
BRF:14
BRH:0
end_of_record
TN:
SF:/Users/kevinkroon/Documents/projects/pcbcreator/src/components/ToggleViewButton.tsx
FN:13,ToggleViewButton
FN:20,(anonymous_2)
FNF:2
FNH:0
FNDA:0,ToggleViewButton
FNDA:0,(anonymous_2)
DA:1,0
DA:2,0
DA:3,0
DA:4,0
DA:5,0
DA:6,0
DA:7,0
DA:13,0
DA:14,0
DA:15,0
DA:16,0
DA:21,0
DA:22,0
LF:13
LH:0
BRDA:17,0,0,0
BRDA:17,0,1,0
BRDA:21,1,0,0
BRDA:21,1,1,0
BRF:4
BRH:0
end_of_record
TN:
SF:/Users/kevinkroon/Documents/projects/pcbcreator/src/components/map.ts
FN:1,map
FNF:1
FNH:0
FNDA:0,map
DA:1,0
DA:2,0
LF:2
LH:0
BRF:0
BRH:0
end_of_record
TN:
SF:/Users/kevinkroon/Documents/projects/pcbcreator/src/components/Perfboard/Base.tsx
FN:15,(anonymous_1)
FN:23,Base
FNF:2
FNH:0
FNDA:0,(anonymous_1)
FNDA:0,Base
DA:1,0
DA:2,0
DA:3,0
DA:8,0
DA:15,0
DA:23,0
DA:24,0
DA:25,0
LF:8
LH:0
BRDA:15,0,0,0
BRDA:15,0,1,0
BRF:2
BRH:0
end_of_record
TN:
SF:/Users/kevinkroon/Documents/projects/pcbcreator/src/components/Perfboard/CONSTANTS.ts
FN:11,(anonymous_0)
FNF:1
FNH:0
FNDA:0,(anonymous_0)
DA:1,0
DA:3,0
DA:5,0
DA:6,0
DA:7,0
DA:9,0
DA:11,0
LF:7
LH:0
BRF:0
BRH:0
end_of_record
TN:
SF:/Users/kevinkroon/Documents/projects/pcbcreator/src/components/Perfboard/CopperPads.tsx
FN:16,CopperPads
FN:24,(anonymous_2)
FNF:2
FNH:0
FNDA:0,CopperPads
FNDA:0,(anonymous_2)
DA:1,0
DA:2,0
DA:4,0
DA:5,0
DA:6,0
DA:8,0
DA:16,0
DA:17,0
DA:18,0
DA:19,0
DA:21,0
DA:22,0
DA:24,0
LF:13
LH:0
BRF:0
BRH:0
end_of_record
TN:
SF:/Users/kevinkroon/Documents/projects/pcbcreator/src/components/Perfboard/Grid.tsx
FN:16,Grid
FN:30,(anonymous_3)
FN:37,(anonymous_4)
FNF:3
FNH:0
FNDA:0,Grid
FNDA:0,(anonymous_3)
FNDA:0,(anonymous_4)
DA:1,0
DA:2,0
DA:3,0
DA:5,0
DA:6,0
DA:8,0
DA:16,0
DA:17,0
DA:18,0
DA:19,0
DA:20,0
DA:21,0
DA:22,0
DA:30,0
DA:37,0
DA:42,0
DA:43,0
DA:45,0
DA:46,0
DA:47,0
DA:48,0
DA:51,0
DA:52,0
DA:53,0
DA:54,0
DA:55,0
DA:56,0
DA:59,0
LF:28
LH:0
BRDA:52,0,0,0
BRDA:52,0,1,0
BRF:2
BRH:0
end_of_record
TN:
SF:/Users/kevinkroon/Documents/projects/pcbcreator/src/components/Perfboard/Indexing.tsx
FN:27,(anonymous_2)
FN:37,Indexing
FN:49,(anonymous_4)
FN:57,(anonymous_5)
FNF:4
FNH:0
FNDA:0,(anonymous_2)
FNDA:0,Indexing
FNDA:0,(anonymous_4)
FNDA:0,(anonymous_5)
DA:1,0
DA:2,0
DA:3,0
DA:5,0
DA:6,0
DA:7,0
DA:8,0
DA:14,0
DA:27,0
DA:37,0
DA:38,0
DA:39,0
DA:40,0
DA:41,0
DA:43,0
DA:44,0
DA:49,0
DA:57,0
LF:18
LH:0
BRF:0
BRH:0
end_of_record
TN:
SF:/Users/kevinkroon/Documents/projects/pcbcreator/src/components/Perfboard/Perfboard.tsx
FN:38,(anonymous_1)
FN:50,(anonymous_2)
FN:54,(anonymous_3)
FN:82,(anonymous_4)
FNF:4
FNH:0
FNDA:0,(anonymous_1)
FNDA:0,(anonymous_2)
FNDA:0,(anonymous_3)
FNDA:0,(anonymous_4)
DA:1,0
DA:3,0
DA:5,0
DA:7,0
DA:8,0
DA:10,0
DA:11,0
DA:12,0
DA:14,0
DA:16,0
DA:17,0
DA:18,0
DA:19,0
DA:22,0
DA:37,0
DA:39,0
DA:40,0
DA:41,0
DA:42,0
DA:44,0
DA:45,0
DA:47,0
DA:48,0
DA:50,0
DA:52,0
DA:54,0
DA:67,0
DA:82,0
DA:125,0
LF:29
LH:0
BRF:0
BRH:0
end_of_record
TN:
SF:/Users/kevinkroon/Documents/projects/pcbcreator/src/components/Perfboard/Points.tsx
FN:36,Points
FN:42,(anonymous_2)
FN:51,(anonymous_3)
FN:60,(anonymous_4)
FNF:4
FNH:0
FNDA:0,Points
FNDA:0,(anonymous_2)
FNDA:0,(anonymous_3)
FNDA:0,(anonymous_4)
DA:1,0
DA:2,0
DA:4,0
DA:6,0
DA:7,0
DA:13,0
DA:36,0
DA:37,0
DA:38,0
DA:39,0
DA:40,0
DA:41,0
DA:42,0
DA:44,0
DA:45,0
DA:49,0
DA:52,0
DA:53,0
DA:60,0
LF:19
LH:0
BRF:0
BRH:0
end_of_record
TN:
SF:/Users/kevinkroon/Documents/projects/pcbcreator/src/components/Perfboard/createAlphabeticalIndex.ts
FN:2,createAlphabeticalIndex
FNF:1
FNH:1
FNDA:6,createAlphabeticalIndex
DA:2,1
DA:3,6
DA:4,6
DA:5,6
DA:6,6
DA:7,4
DA:8,4
DA:9,4
DA:11,6
LF:9
LH:9
BRF:0
BRH:0
end_of_record
TN:
SF:/Users/kevinkroon/Documents/projects/pcbcreator/src/components/Perfboard/createNumericalIndex.ts
FN:3,createNumericalIndex
FN:10,(anonymous_2)
FNF:2
FNH:2
FNDA:7,createNumericalIndex
FNDA:14,(anonymous_2)
DA:3,1
DA:4,7
DA:5,7
DA:6,7
DA:7,7
DA:10,14
LF:6
LH:6
BRF:0
BRH:0
end_of_record
TN:
SF:/Users/kevinkroon/Documents/projects/pcbcreator/src/components/Perfboard/Connection/Connections.tsx
FN:22,Connections
FNF:1
FNH:0
FNDA:0,Connections
DA:1,0
DA:2,0
DA:3,0
DA:4,0
DA:5,0
DA:7,0
DA:8,0
DA:16,0
DA:22,0
DA:23,0
DA:24,0
DA:25,0
DA:26,0
DA:27,0
DA:28,0
LF:15
LH:0
BRF:0
BRH:0
end_of_record
TN:
SF:/Users/kevinkroon/Documents/projects/pcbcreator/src/components/Perfboard/Connection/Line.tsx
FN:26,(anonymous_1)
FN:27,(anonymous_2)
FN:30,(anonymous_3)
FN:43,Line
FNF:4
FNH:0
FNDA:0,(anonymous_1)
FNDA:0,(anonymous_2)
FNDA:0,(anonymous_3)
FNDA:0,Line
DA:1,0
DA:2,0
DA:8,0
DA:11,0
DA:20,0
DA:26,0
DA:27,0
DA:30,0
DA:43,0
DA:44,0
DA:45,0
DA:46,0
DA:47,0
DA:49,0
LF:14
LH:0
BRF:0
BRH:0
end_of_record
TN:
SF:/Users/kevinkroon/Documents/projects/pcbcreator/src/components/Perfboard/Connection/Lines.tsx
FN:28,(anonymous_1)
FN:29,(anonymous_2)
FN:39,Lines
FN:55,(anonymous_4)
FN:56,(anonymous_5)
FN:57,(anonymous_6)
FN:82,(anonymous_7)
FN:129,(anonymous_8)
FN:130,(anonymous_9)
FNF:9
FNH:0
FNDA:0,(anonymous_1)
FNDA:0,(anonymous_2)
FNDA:0,Lines
FNDA:0,(anonymous_4)
FNDA:0,(anonymous_5)
FNDA:0,(anonymous_6)
FNDA:0,(anonymous_7)
FNDA:0,(anonymous_8)
FNDA:0,(anonymous_9)
DA:1,0
DA:2,0
DA:8,0
DA:10,0
DA:11,0
DA:22,0
DA:28,0
DA:29,0
DA:39,0
DA:40,0
DA:41,0
DA:42,0
DA:53,0
DA:55,0
DA:57,0
DA:58,0
DA:59,0
DA:60,0
DA:62,0
DA:64,0
DA:82,0
DA:86,0
DA:87,0
DA:118,0
DA:127,0
DA:129,0
DA:130,0
LF:27
LH:0
BRF:0
BRH:0
end_of_record
TN:
SF:/Users/kevinkroon/Documents/projects/pcbcreator/src/components/Perfboard/Connection/Points.tsx
FN:20,(anonymous_1)
FN:21,(anonymous_2)
FN:36,Points
FN:43,(anonymous_4)
FN:52,(anonymous_5)
FN:62,(anonymous_6)
FNF:6
FNH:0
FNDA:0,(anonymous_1)
FNDA:0,(anonymous_2)
FNDA:0,Points
FNDA:0,(anonymous_4)
FNDA:0,(anonymous_5)
FNDA:0,(anonymous_6)
DA:1,0
DA:2,0
DA:3,0
DA:4,0
DA:5,0
DA:8,0
DA:14,0
DA:20,0
DA:21,0
DA:36,0
DA:37,0
DA:38,0
DA:39,0
DA:40,0
DA:41,0
DA:42,0
DA:43,0
DA:44,0
DA:45,0
DA:46,0
DA:48,0
DA:53,0
DA:54,0
DA:62,0
LF:24
LH:0
BRDA:60,0,0,0
BRDA:60,0,1,0
BRF:2
BRH:0
end_of_record
TN:
SF:/Users/kevinkroon/Documents/projects/pcbcreator/src/components/SideBar/SideBar.tsx
FN:24,(anonymous_1)
FN:33,SideBar
FN:37,handleKeyPress
FN:47,endCurrentAction
FN:52,handleToolChange
FN:61,(anonymous_6)
FN:65,(anonymous_7)
FNF:7
FNH:0
FNDA:0,(anonymous_1)
FNDA:0,SideBar
FNDA:0,handleKeyPress
FNDA:0,endCurrentAction
FNDA:0,handleToolChange
FNDA:0,(anonymous_6)
FNDA:0,(anonymous_7)
DA:1,0
DA:2,0
DA:3,0
DA:4,0
DA:5,0
DA:6,0
DA:9,0
DA:11,0
DA:12,0
DA:16,0
DA:18,0
DA:24,0
DA:25,0
DA:33,0
DA:34,0
DA:35,0
DA:38,0
DA:39,0
DA:40,0
DA:41,0
DA:42,0
DA:43,0
DA:48,0
DA:49,0
DA:53,0
DA:54,0
DA:55,0
DA:56,0
DA:59,0
DA:62,0
DA:63,0
DA:65,0
LF:32
LH:0
BRDA:39,0,0,0
BRDA:39,0,1,0
BRDA:62,1,0,0
BRDA:62,1,1,0
BRDA:66,2,0,0
BRDA:66,2,1,0
BRF:6
BRH:0
end_of_record
TN:
SF:/Users/kevinkroon/Documents/projects/pcbcreator/src/components/SideBar/ToolButton.tsx
FN:10,(anonymous_1)
FN:30,ToolButton
FNF:2
FNH:0
FNDA:0,(anonymous_1)
FNDA:0,ToolButton
DA:1,0
DA:2,0
DA:4,0
DA:5,0
DA:6,0
DA:7,0
DA:10,0
DA:11,0
DA:30,0
DA:31,0
DA:32,0
DA:33,0
LF:12
LH:0
BRDA:34,0,0,0
BRDA:34,0,1,0
BRF:2
BRH:0
end_of_record
TN:
SF:/Users/kevinkroon/Documents/projects/pcbcreator/src/components/TopBar/TopBar.tsx
FN:14,(anonymous_3)
FN:42,TopBar
FN:56,(anonymous_5)
FNF:3
FNH:0
FNDA:0,(anonymous_3)
FNDA:0,TopBar
FNDA:0,(anonymous_5)
DA:1,0
DA:2,0
DA:3,0
DA:4,0
DA:5,0
DA:6,0
DA:7,0
DA:8,0
DA:9,0
DA:10,0
DA:11,0
DA:12,0
DA:14,0
DA:15,0
DA:42,0
DA:43,0
DA:44,0
DA:45,0
DA:46,0
DA:57,0
LF:20
LH:0
BRDA:53,0,0,0
BRDA:53,0,1,0
BRDA:57,1,0,0
BRDA:57,1,1,0
BRDA:60,2,0,0
BRDA:60,2,1,0
BRF:6
BRH:0
end_of_record
TN:
SF:/Users/kevinkroon/Documents/projects/pcbcreator/src/redux/store.ts
FNF:0
FNH:0
DA:1,0
DA:2,0
DA:3,0
DA:5,0
DA:6,0
DA:7,0
LF:6
LH:0
BRF:0
BRH:0
end_of_record
TN:
SF:/Users/kevinkroon/Documents/projects/pcbcreator/src/redux/reducers/actions.ts
FN:34,(anonymous_16)
FN:34,(anonymous_17)
FN:72,(anonymous_18)
FN:72,(anonymous_19)
FN:106,(anonymous_20)
FN:111,(anonymous_21)
FN:111,(anonymous_22)
FN:131,(anonymous_24)
FN:139,(anonymous_25)
FNF:9
FNH:0
FNDA:0,(anonymous_16)
FNDA:0,(anonymous_17)
FNDA:0,(anonymous_18)
FNDA:0,(anonymous_19)
FNDA:0,(anonymous_20)
FNDA:0,(anonymous_21)
FNDA:0,(anonymous_22)
FNDA:0,(anonymous_24)
FNDA:0,(anonymous_25)
DA:6,0
DA:15,0
DA:17,0
DA:34,0
DA:35,0
DA:36,0
DA:38,0
DA:40,0
DA:41,0
DA:43,0
DA:45,0
DA:48,0
DA:49,0
DA:50,0
DA:53,0
DA:54,0
DA:55,0
DA:56,0
DA:57,0
DA:58,0
DA:60,0
DA:63,0
DA:64,0
DA:69,0
DA:72,0
DA:73,0
DA:74,0
DA:76,0
DA:78,0
DA:79,0
DA:81,0
DA:83,0
DA:85,0
DA:87,0
DA:88,0
DA:89,0
DA:93,0
DA:94,0
DA:97,0
DA:98,0
DA:102,0
DA:106,0
DA:111,0
DA:112,0
DA:113,0
DA:115,0
DA:117,0
DA:119,0
DA:120,0
DA:121,0
DA:122,0
DA:126,0
DA:130,0
DA:131,0
DA:132,0
DA:134,0
DA:135,0
DA:136,0
DA:139,0
DA:140,0
DA:142,0
DA:143,0
DA:144,0
DA:147,0
DA:148,0
DA:149,0
DA:151,0
DA:152,0
DA:153,0
DA:154,0
DA:155,0
DA:161,0
DA:162,0
DA:167,0
DA:168,0
DA:172,0
DA:175,0
DA:176,0
DA:180,0
LF:79
LH:0
BRDA:38,0,0,0
BRDA:38,0,1,0
BRDA:43,1,0,0
BRDA:43,1,1,0
BRDA:46,2,0,0
BRDA:46,2,1,0
BRDA:48,3,0,0
BRDA:48,3,1,0
BRDA:53,4,0,0
BRDA:53,4,1,0
BRDA:55,5,0,0
BRDA:55,5,1,0
BRDA:76,6,0,0
BRDA:76,6,1,0
BRDA:81,7,0,0
BRDA:81,7,1,0
BRDA:84,8,0,0
BRDA:84,8,1,0
BRDA:87,9,0,0
BRDA:87,9,1,0
BRDA:115,10,0,0
BRDA:115,10,1,0
BRDA:118,11,0,0
BRDA:118,11,1,0
BRDA:132,12,0,0
BRDA:132,12,1,0
BRDA:140,13,0,0
BRDA:140,13,1,0
BRDA:153,14,0,0
BRDA:153,14,1,0
BRDA:153,15,0,0
BRDA:153,15,1,0
BRDA:154,16,0,0
BRDA:154,16,1,0
BRDA:167,17,0,0
BRDA:167,17,1,0
BRF:36
BRH:0
end_of_record
TN:
SF:/Users/kevinkroon/Documents/projects/pcbcreator/src/redux/reducers/index.ts
FNF:0
FNH:0
DA:1,0
DA:2,0
DA:4,0
DA:6,0
DA:15,0
LF:5
LH:0
BRF:0
BRH:0
end_of_record
TN:
SF:/Users/kevinkroon/Documents/projects/pcbcreator/src/redux/reducers/App/actionTypes.ts
FNF:0
FNH:0
DA:4,2
DA:10,2
DA:14,2
DA:19,2
DA:25,2
LF:5
LH:5
BRF:0
BRH:0
end_of_record
TN:
SF:/Users/kevinkroon/Documents/projects/pcbcreator/src/redux/reducers/App/actions.ts
FN:14,(anonymous_0)
FN:16,(anonymous_1)
FN:21,(anonymous_2)
FN:26,(anonymous_3)
FNF:4
FNH:1
FNDA:0,(anonymous_0)
FNDA:1,(anonymous_1)
FNDA:0,(anonymous_2)
FNDA:0,(anonymous_3)
DA:1,1
DA:14,1
DA:16,1
DA:21,1
DA:26,1
LF:5
LH:5
BRF:0
BRH:0
end_of_record
TN:
SF:/Users/kevinkroon/Documents/projects/pcbcreator/src/redux/reducers/App/initialState.ts
FNF:0
FNH:0
DA:13,1
LF:1
LH:1
BRF:0
BRH:0
end_of_record
TN:
SF:/Users/kevinkroon/Documents/projects/pcbcreator/src/redux/reducers/App/reducer.ts
FN:5,default_1
FNF:1
FNH:1
FNDA:1,default_1
DA:1,1
DA:3,1
DA:5,2
DA:6,1
DA:8,0
DA:11,0
DA:14,0
DA:17,1
LF:8
LH:5
BRDA:5,0,0,1
BRDA:5,0,1,0
BRDA:7,1,0,0
BRDA:7,1,1,0
BRDA:7,1,2,0
BRDA:7,1,3,1
BRDA:8,2,0,0
BRDA:8,2,1,0
BRDA:14,3,0,0
BRDA:14,3,1,0
BRF:10
BRH:2
end_of_record
TN:
SF:/Users/kevinkroon/Documents/projects/pcbcreator/src/redux/reducers/App/selectors.ts
FN:3,(anonymous_0)
FN:4,(anonymous_1)
FN:5,(anonymous_2)
FN:7,(anonymous_3)
FN:8,(anonymous_4)
FNF:5
FNH:0
FNDA:0,(anonymous_0)
FNDA:0,(anonymous_1)
FNDA:0,(anonymous_2)
FNDA:0,(anonymous_3)
FNDA:0,(anonymous_4)
DA:3,0
DA:4,0
DA:5,0
DA:7,0
DA:8,0
LF:5
LH:0
BRF:0
BRH:0
end_of_record
TN:
SF:/Users/kevinkroon/Documents/projects/pcbcreator/src/redux/reducers/Board/actionTypes.ts
FNF:0
FNH:0
DA:1,0
DA:2,0
DA:3,0
LF:3
LH:0
BRF:0
BRH:0
end_of_record
TN:
SF:/Users/kevinkroon/Documents/projects/pcbcreator/src/redux/reducers/Board/actions.ts
FNF:0
FNH:0
DA:1,0
LF:1
LH:0
BRF:0
BRH:0
end_of_record
TN:
SF:/Users/kevinkroon/Documents/projects/pcbcreator/src/redux/reducers/Board/constants.ts
FNF:0
FNH:0
DA:18,0
LF:1
LH:0
BRF:0
BRH:0
end_of_record
TN:
SF:/Users/kevinkroon/Documents/projects/pcbcreator/src/redux/reducers/Board/initialState.ts
FN:18,(anonymous_1)
FNF:1
FNH:0
FNDA:0,(anonymous_1)
DA:10,0
DA:18,0
DA:19,0
DA:20,0
DA:21,0
DA:22,0
DA:23,0
DA:25,0
DA:34,0
DA:41,0
LF:10
LH:0
BRF:0
BRH:0
end_of_record
TN:
SF:/Users/kevinkroon/Documents/projects/pcbcreator/src/redux/reducers/Board/reducer.ts
FN:19,default_1
FNF:1
FNH:0
FNDA:0,default_1
DA:1,0
DA:19,0
DA:20,0
DA:183,0
LF:4
LH:0
BRDA:19,0,0,0
BRDA:19,0,1,0
BRDA:182,1,0,0
BRF:3
BRH:0
end_of_record
TN:
SF:/Users/kevinkroon/Documents/projects/pcbcreator/src/redux/reducers/Board/selectors.ts
FN:24,(anonymous_0)
FN:29,(anonymous_1)
FN:30,(anonymous_2)
FN:31,(anonymous_3)
FN:33,(anonymous_4)
FN:34,(anonymous_5)
FN:35,(anonymous_6)
FN:36,(anonymous_7)
FN:38,(anonymous_8)
FNF:9
FNH:0
FNDA:0,(anonymous_0)
FNDA:0,(anonymous_1)
FNDA:0,(anonymous_2)
FNDA:0,(anonymous_3)
FNDA:0,(anonymous_4)
FNDA:0,(anonymous_5)
FNDA:0,(anonymous_6)
FNDA:0,(anonymous_7)
FNDA:0,(anonymous_8)
DA:24,0
DA:25,0
DA:26,0
DA:27,0
DA:29,0
DA:30,0
DA:31,0
DA:33,0
DA:34,0
DA:35,0
DA:36,0
DA:38,0
LF:12
LH:0
BRF:0
BRH:0
end_of_record
TN:
SF:/Users/kevinkroon/Documents/projects/pcbcreator/src/redux/reducers/Board/reducer/createGrid.ts
FN:3,(anonymous_0)
FNF:1
FNH:0
FNDA:0,(anonymous_0)
DA:3,0
DA:49,0
LF:2
LH:0
BRF:0
BRH:0
end_of_record
TN:
SF:/Users/kevinkroon/Documents/projects/pcbcreator/src/redux/reducers/Board/reducer/createPoints.ts
FN:5,(anonymous_1)
FN:25,(anonymous_2)
FNF:2
FNH:0
FNDA:0,(anonymous_1)
FNDA:0,(anonymous_2)
DA:2,0
DA:5,0
DA:6,0
DA:7,0
DA:8,0
DA:9,0
DA:10,0
DA:22,0
DA:25,0
DA:26,0
DA:28,0
LF:11
LH:0
BRF:0
BRH:0
end_of_record
TN:
SF:/Users/kevinkroon/Documents/projects/pcbcreator/src/redux/reducers/Project/CONSTANTS.ts
FNF:0
FNH:0
DA:4,0
DA:17,0
LF:2
LH:0
BRF:0
BRH:0
end_of_record
TN:
SF:/Users/kevinkroon/Documents/projects/pcbcreator/src/redux/reducers/Project/actionTypes.ts
FNF:0
FNH:0
DA:4,0
DA:11,0
DA:20,0
DA:26,0
DA:33,0
DA:40,0
DA:46,0
DA:51,0
DA:57,0
DA:63,0
DA:72,0
DA:78,0
LF:12
LH:0
BRF:0
BRH:0
end_of_record
TN:
SF:/Users/kevinkroon/Documents/projects/pcbcreator/src/redux/reducers/Project/actions.ts
FN:23,(anonymous_0)
FN:34,(anonymous_1)
FN:46,(anonymous_2)
FN:54,(anonymous_3)
FN:63,(anonymous_4)
FN:67,(anonymous_5)
FN:84,(anonymous_6)
FN:96,(anonymous_7)
FN:109,(anonymous_8)
FNF:9
FNH:0
FNDA:0,(anonymous_0)
FNDA:0,(anonymous_1)
FNDA:0,(anonymous_2)
FNDA:0,(anonymous_3)
FNDA:0,(anonymous_4)
FNDA:0,(anonymous_5)
FNDA:0,(anonymous_6)
FNDA:0,(anonymous_7)
FNDA:0,(anonymous_8)
DA:1,0
DA:21,0
DA:23,0
DA:27,0
DA:34,0
DA:39,0
DA:46,0
DA:49,0
DA:54,0
DA:57,0
DA:63,0
DA:67,0
DA:71,0
DA:72,0
DA:77,0
DA:84,0
DA:88,0
DA:89,0
DA:96,0
DA:101,0
DA:109,0
LF:21
LH:0
BRDA:71,0,0,0
BRDA:71,0,1,0
BRDA:73,1,0,0
BRDA:73,1,1,0
BRDA:75,2,0,0
BRDA:75,2,1,0
BRDA:88,3,0,0
BRDA:88,3,1,0
BRF:8
BRH:0
end_of_record
TN:
SF:/Users/kevinkroon/Documents/projects/pcbcreator/src/redux/reducers/Project/initialState.ts
FN:20,(anonymous_1)
FNF:1
FNH:0
FNDA:0,(anonymous_1)
DA:4,0
DA:20,0
DA:21,0
DA:22,0
DA:23,0
DA:24,0
DA:26,0
DA:35,0
DA:36,0
DA:37,0
DA:38,0
DA:40,0
DA:53,0
LF:13
LH:0
BRF:0
BRH:0
end_of_record
TN:
SF:/Users/kevinkroon/Documents/projects/pcbcreator/src/redux/reducers/Project/reducer.ts
FN:38,default_1
FN:58,(anonymous_5)
FN:60,(anonymous_6)
FN:63,(anonymous_7)
FN:64,(anonymous_8)
FNF:5
FNH:0
FNDA:0,default_1
FNDA:0,(anonymous_5)
FNDA:0,(anonymous_6)
FNDA:0,(anonymous_7)
FNDA:0,(anonymous_8)
DA:1,0
DA:2,0
DA:38,0
DA:39,0
DA:41,0
DA:42,0
DA:56,0
DA:57,0
DA:58,0
DA:59,0
DA:60,0
DA:61,0
DA:62,0
DA:63,0
DA:64,0
DA:65,0
DA:67,0
DA:69,0
DA:282,0
LF:19
LH:0
BRDA:38,0,0,0
BRDA:38,0,1,0
BRDA:40,1,0,0
BRDA:40,1,1,0
BRDA:40,1,2,0
BRDA:50,2,0,0
BRDA:50,2,1,0
BRDA:63,3,0,0
BRDA:63,3,1,0
BRF:9
BRH:0
end_of_record
TN:
SF:/Users/kevinkroon/Documents/projects/pcbcreator/src/redux/reducers/Project/selectors.ts
FN:3,(anonymous_0)
FN:5,(anonymous_1)
FN:7,(anonymous_2)
FN:9,(anonymous_3)
FN:10,(anonymous_4)
FN:11,(anonymous_5)
FN:13,(anonymous_6)
FN:14,(anonymous_7)
FN:15,(anonymous_8)
FN:16,(anonymous_9)
FN:18,(anonymous_10)
FNF:11
FNH:0
FNDA:0,(anonymous_0)
FNDA:0,(anonymous_1)
FNDA:0,(anonymous_2)
FNDA:0,(anonymous_3)
FNDA:0,(anonymous_4)
FNDA:0,(anonymous_5)
FNDA:0,(anonymous_6)
FNDA:0,(anonymous_7)
FNDA:0,(anonymous_8)
FNDA:0,(anonymous_9)
FNDA:0,(anonymous_10)
DA:3,0
DA:5,0
DA:7,0
DA:9,0
DA:10,0
DA:11,0
DA:13,0
DA:14,0
DA:15,0
DA:16,0
DA:18,0
LF:11
LH:0
BRF:0
BRH:0
end_of_record
TN:
SF:/Users/kevinkroon/Documents/projects/pcbcreator/src/themes/ThemeProvider.tsx
FN:12,(anonymous_6)
FN:16,(anonymous_7)
FN:26,(anonymous_8)
FNF:3
FNH:0
FNDA:0,(anonymous_6)
FNDA:0,(anonymous_7)
FNDA:0,(anonymous_8)
DA:1,0
DA:2,0
DA:3,0
DA:10,0
DA:14,0
DA:16,0
DA:18,0
DA:21,0
DA:24,0
DA:26,0
DA:27,0
DA:28,0
DA:31,0
DA:36,0
DA:43,0
LF:15
LH:0
BRDA:18,0,0,0
BRDA:18,0,1,0
BRF:2
BRH:0
end_of_record
TN:
SF:/Users/kevinkroon/Documents/projects/pcbcreator/src/themes/base.ts
FN:6,themeCreator
FNF:1
FNH:0
FNDA:0,themeCreator
DA:2,0
DA:3,0
DA:6,0
DA:7,0
DA:10,0
LF:5
LH:0
BRF:0
BRH:0
end_of_record
TN:
SF:/Users/kevinkroon/Documents/projects/pcbcreator/src/themes/dark.ts
FNF:0
FNH:0
DA:1,0
DA:3,0
LF:2
LH:0
BRF:0
BRH:0
end_of_record
TN:
SF:/Users/kevinkroon/Documents/projects/pcbcreator/src/themes/light.ts
FNF:0
FNH:0
DA:1,0
DA:3,0
LF:2
LH:0
BRF:0
BRH:0
end_of_record
